                    {
                          "_t": [
                                "ActiveDirectoryModelBase",
                                "Event4624Model"
                          ],
                          "agentDevice": "WindowsLog",
                          "agentLogFile": "Security",
                          "pluginVersion": "7.2.9.105",
                          "source": "Microsoft-Windows-Security-Auditing",
                          "computerName": "QDS7.stella.local",
                          "originatingComputer": "10.0.5.87",
                          "eventID": 4624,
                          "eventCategory": 12544,
                          "recordNumber": 3469839,
                          "level": "Log Always",
                          "task": "SE_ADT_LOGON_LOGON",
                          "opCode": "Info",
                          "message": "An account was successfully logged on.",
                          "sourceip": "127.0.0.1",
                          "time": "11-04-2022 15:39:43",
                          "epochTime": 1667576383000,
                          "keyWords": "Audit Success",
                          "newLogonID": "0xB04EC0",
                          "logsourceTime": 1636098023,
                          "subjectLogonID": "0x3E7",
                          "subjectLogonType": "11",
                          "subjectSecurityID": "NT AUTHORITY\\SYSTEM",
                          "subjectAccountName": "QDS7$",
                          "subjectAccountDomain": "STELLA",
                          "newLogonSecurityID": "STELLA\\dennis.r",
                          "newLogonAccountName": "dennis.r",
                          "newLogonAccountDomain": "STELLA",
                          "linkedLogonID": "0xB04EA6",
                          "logonGUID": "{00000000-0000-0000-0000-000000000000}",
                          "processID": "0x398",
                          "workstationName": "QDS7",
                          "sourceNetworkAddress": "127.0.0.1",
                          "logonProcess": "User32",
                          "authenticationPackage": "Negotiate",
                          "Title": "Login (CachedInteractive)",
                          "tag": ""
                    },
                    {
                          "_t": [
                                "WindowsModelBase",
                                "Event4624Model"
                          ],
                          "eventID": 4624,
                          "computerName": "QDS7.stella.local",
                          "recordNumber": 3470868,
                          "time": "11-04-2022 15:46:42",
                          "epochTime": 1667576802000,
                          "agentDevice": "WindowsLog",
                          "agentLogFile": "Security",
                          "eventCategory": 12544,
                          "keyWords": "Audit Success",
                          "level": "Log Always",
                          "message": "An account was successfully logged on.",
                          "opCode": "Info",
                          "originatingComputer": "10.0.5.87",
                          "pluginVersion": "7.2.9.105",
                          "source": "Microsoft-Windows-Security-Auditing",
                          "task": "SE_ADT_LOGON_LOGON",
                          "newLogonID": "0xB44474",
                          "logsourceTime": 1636098433,
                          "subjectLogonID": "0x3E7",
                          "subjectLogonType": "11",
                          "subjectSecurityID": "NT AUTHORITY\\SYSTEM",
                          "subjectAccountName": "QDS7$",
                          "subjectAccountDomain": "STELLA",
                          "newLogonSecurityID": "STELLA\\dennis.r",
                          "newLogonAccountName": "dennis.r",
                          "newLogonAccountDomain": "STELLA",
                          "linkedLogonID": "0xB4445A",
                          "logonGUID": "{00000000-0000-0000-0000-000000000000}",
                          "processID": "0x398",
                          "workstationName": "QDS7",
                          "sourceNetworkAddress": "127.0.0.1",
                          "sourcePort": 0,
                          "logonProcess": "User32",
                          "authenticationPackage": "Negotiate",
                          "Title": "Login (CachedInteractive)",
                          "tag": ""
                    },
                    {
                          "_t": [
                                "WindowsModelBase",
                                "Event4624Model"
                          ],
                          "eventID": 4624,
                          "computerName": "QDS7.stella.local",
                          "recordNumber": 3470867,
                          "time": "11-04-2022 15:46:42",
                          "epochTime": 1667576802000,
                          "agentDevice": "WindowsLog",
                          "agentLogFile": "Security",
                          "eventCategory": 12544,
                          "keyWords": "Audit Success",
                          "level": "Log Always",
                          "message": "An account was successfully logged on.",
                          "opCode": "Info",
                          "originatingComputer": "10.0.5.87",
                          "pluginVersion": "7.2.9.105",
                          "source": "Microsoft-Windows-Security-Auditing",
                          "task": "SE_ADT_LOGON_LOGON",
                          "newLogonID": "0xB4445A",
                          "logsourceTime": 1636098433,
                          "subjectLogonID": "0x3E7",
                          "subjectLogonType": "11",
                          "subjectSecurityID": "NT AUTHORITY\\SYSTEM",
                          "subjectAccountName": "QDS7$",
                          "subjectAccountDomain": "STELLA",
                          "newLogonSecurityID": "STELLA\\dennis.r",
                          "newLogonAccountName": "dennis.r",
                          "newLogonAccountDomain": "STELLA",
                          "linkedLogonID": "0xB44474",
                          "logonGUID": "{00000000-0000-0000-0000-000000000000}",
                          "processID": "0x398",
                          "workstationName": "QDS7",
                          "sourceNetworkAddress": "127.0.0.1",
                          "sourcePort": 0,
                          "logonProcess": "User32",
                          "authenticationPackage": "Negotiate",
                          "Title": "Login (CachedInteractive)",
                          "tag": ""
                    },
                    {
                          "_t": [
                                "ActiveDirectoryModelBase",
                                "Event4624Model"
                          ],
                          "agentDevice": "WindowsLog",
                          "agentLogFile": "Security",
                          "pluginVersion": "7.2.9.105",
                          "source": "Microsoft-Windows-Security-Auditing",
                          "computerName": "QDS7.stella.local",
                          "originatingComputer": "10.0.5.87",
                          "eventID": 4624,
                          "eventCategory": 12544,
                          "recordNumber": 3470868,
                          "level": "Log Always",
                          "task": "SE_ADT_LOGON_LOGON",
                          "opCode": "Info",
                          "message": "An account was successfully logged on.",
                          "sourceip": "127.0.0.1",
                          "time": "11-04-2022 15:46:42",
                          "epochTime": 1667576802000,
                          "keyWords": "Audit Success",
                          "newLogonID": "0xB44474",
                          "logsourceTime": 1636098433,
                          "subjectLogonID": "0x3E7",
                          "subjectLogonType": "11",
                          "subjectSecurityID": "NT AUTHORITY\\SYSTEM",
                          "subjectAccountName": "QDS7$",
                          "subjectAccountDomain": "STELLA",
                          "newLogonSecurityID": "STELLA\\dennis.r",
                          "newLogonAccountName": "dennis.r",
                          "newLogonAccountDomain": "STELLA",
                          "linkedLogonID": "0xB4445A",
                          "logonGUID": "{00000000-0000-0000-0000-000000000000}",
                          "processID": "0x398",
                          "workstationName": "QDS7",
                          "sourceNetworkAddress": "127.0.0.1",
                          "logonProcess": "User32",
                          "authenticationPackage": "Negotiate",
                          "Title": "Login (CachedInteractive)",
                          "tag": ""
                    },
                    {
                          "_t": [
                                "ActiveDirectoryModelBase",
                                "Event4624Model"
                          ],
                          "agentDevice": "WindowsLog",
                          "agentLogFile": "Security",
                          "pluginVersion": "7.2.9.105",
                          "source": "Microsoft-Windows-Security-Auditing",
                          "computerName": "QDS7.stella.local",
                          "originatingComputer": "10.0.5.87",
                          "eventID": 4624,
                          "eventCategory": 12544,
                          "recordNumber": 3470867,
                          "level": "Log Always",
                          "task": "SE_ADT_LOGON_LOGON",
                          "opCode": "Info",
                          "message": "An account was successfully logged on.",
                          "sourceip": "127.0.0.1",
                          "time": "11-04-2022 15:46:42",
                          "epochTime": 1667576802000,
                          "keyWords": "Audit Success",
                          "newLogonID": "0xB4445A",
                          "logsourceTime": 1636098433,
                          "subjectLogonID": "0x3E7",
                          "subjectLogonType": "11",
                          "subjectSecurityID": "NT AUTHORITY\\SYSTEM",
                          "subjectAccountName": "QDS7$",
                          "subjectAccountDomain": "STELLA",
                          "newLogonSecurityID": "STELLA\\dennis.r",
                          "newLogonAccountName": "dennis.r",
                          "newLogonAccountDomain": "STELLA",
                          "linkedLogonID": "0xB44474",
                          "logonGUID": "{00000000-0000-0000-0000-000000000000}",
                          "processID": "0x398",
                          "workstationName": "QDS7",
                          "sourceNetworkAddress": "127.0.0.1",
                          "logonProcess": "User32",
                          "authenticationPackage": "Negotiate",
                          "Title": "Login (CachedInteractive)",
                          "tag": ""
                    },
                    {
                          "_t": [
                                "WindowsModelBase",
                                "Event4624Model"
                          ],
                          "eventID": 4624,
                          "computerName": "QDS7.stella.local",
                          "recordNumber": 3473071,
                          "time": "11-04-2022 15:57:25",
                          "epochTime": 1667577445000,
                          "agentDevice": "WindowsLog",
                          "agentLogFile": "Security",
                          "eventCategory": 12544,
                          "keyWords": "Audit Success",
                          "level": "Log Always",
                          "message": "An account was successfully logged on.",
                          "opCode": "Info",
                          "originatingComputer": "10.0.5.87",
                          "pluginVersion": "7.2.9.105",
                          "source": "Microsoft-Windows-Security-Auditing",
                          "task": "SE_ADT_LOGON_LOGON",
                          "newLogonID": "0xDEF3E6",
                          "logsourceTime": 1636099083,
                          "subjectLogonID": "0x3E7",
                          "subjectLogonType": "11",
                          "subjectSecurityID": "NT AUTHORITY\\SYSTEM",
                          "subjectAccountName": "QDS7$",
                          "subjectAccountDomain": "STELLA",
                          "newLogonSecurityID": "STELLA\\dennis.r",
                          "newLogonAccountName": "dennis.r",
                          "newLogonAccountDomain": "STELLA",
                          "linkedLogonID": "0xDEF3D6",
                          "logonGUID": "{00000000-0000-0000-0000-000000000000}",
                          "processID": "0x1b54",
                          "workstationName": "QDS7",
                          "sourcePort": null,
                          "logonProcess": "CredPro",
                          "authenticationPackage": "Negotiate",
                          "Title": "Login (CachedInteractive)",
                          "tag": ""
                    },
                    {
                          "_t": [
                                "WindowsModelBase",
                                "Event4624Model"
                          ],
                          "eventID": 4624,
                          "computerName": "QDS7.stella.local",
                          "recordNumber": 3473070,
                          "time": "11-04-2022 15:57:25",
                          "epochTime": 1667577445000,
                          "agentDevice": "WindowsLog",
                          "agentLogFile": "Security",
                          "eventCategory": 12544,
                          "keyWords": "Audit Success",
                          "level": "Log Always",
                          "message": "An account was successfully logged on.",
                          "opCode": "Info",
                          "originatingComputer": "10.0.5.87",
                          "pluginVersion": "7.2.9.105",
                          "source": "Microsoft-Windows-Security-Auditing",
                          "task": "SE_ADT_LOGON_LOGON",
                          "newLogonID": "0xDEF3D6",
                          "logsourceTime": 1636099083,
                          "subjectLogonID": "0x3E7",
                          "subjectLogonType": "11",
                          "subjectSecurityID": "NT AUTHORITY\\SYSTEM",
                          "subjectAccountName": "QDS7$",
                          "subjectAccountDomain": "STELLA",
                          "newLogonSecurityID": "STELLA\\dennis.r",
                          "newLogonAccountName": "dennis.r",
                          "newLogonAccountDomain": "STELLA",
                          "linkedLogonID": "0xDEF3E6",
                          "logonGUID": "{00000000-0000-0000-0000-000000000000}",
                          "processID": "0x1b54",
                          "workstationName": "QDS7",
                          "sourcePort": null,
                          "logonProcess": "CredPro",
                          "authenticationPackage": "Negotiate",
                          "Title": "Login (CachedInteractive)",
                          "tag": ""
                    },
                    {
                          "_t": [
                                "ActiveDirectoryModelBase",
                                "Event4624Model"
                          ],
                          "agentDevice": "WindowsLog",
                          "agentLogFile": "Security",
                          "pluginVersion": "7.2.9.105",
                          "source": "Microsoft-Windows-Security-Auditing",
                          "computerName": "QDS7.stella.local",
                          "originatingComputer": "10.0.5.87",
                          "eventID": 4624,
                          "eventCategory": 12544,
                          "recordNumber": 3473071,
                          "level": "Log Always",
                          "task": "SE_ADT_LOGON_LOGON",
                          "opCode": "Info",
                          "message": "An account was successfully logged on.",
                          "sourceip": "10.0.5.87",
                          "time": "11-04-2022 15:57:25",
                          "epochTime": 1667577445000,
                          "keyWords": "Audit Success",
                          "newLogonID": "0xDEF3E6",
                          "logsourceTime": 1636099083,
                          "subjectLogonID": "0x3E7",
                          "subjectLogonType": "11",
                          "subjectSecurityID": "NT AUTHORITY\\SYSTEM",
                          "subjectAccountName": "QDS7$",
                          "subjectAccountDomain": "STELLA",
                          "newLogonSecurityID": "STELLA\\dennis.r",
                          "newLogonAccountName": "dennis.r",
                          "newLogonAccountDomain": "STELLA",
                          "linkedLogonID": "0xDEF3D6",
                          "logonGUID": "{00000000-0000-0000-0000-000000000000}",
                          "processID": "0x1b54",
                          "workstationName": "QDS7",
                          "logonProcess": "CredPro",
                          "authenticationPackage": "Negotiate",
                          "Title": "Login (CachedInteractive)",
                          "tag": ""
                    },
                    {
                          "_t": [
                                "ActiveDirectoryModelBase",
                                "Event4624Model"
                          ],
                          "agentDevice": "WindowsLog",
                          "agentLogFile": "Security",
                          "pluginVersion": "7.2.9.105",
                          "source": "Microsoft-Windows-Security-Auditing",
                          "computerName": "QDS7.stella.local",
                          "originatingComputer": "10.0.5.87",
                          "eventID": 4624,
                          "eventCategory": 12544,
                          "recordNumber": 3473070,
                          "level": "Log Always",
                          "task": "SE_ADT_LOGON_LOGON",
                          "opCode": "Info",
                          "message": "An account was successfully logged on.",
                          "sourceip": "10.0.5.87",
                          "time": "11-04-2022 15:57:25",
                          "epochTime": 1667577445000,
                          "keyWords": "Audit Success",
                          "newLogonID": "0xDEF3D6",
                          "logsourceTime": 1636099083,
                          "subjectLogonID": "0x3E7",
                          "subjectLogonType": "11",
                          "subjectSecurityID": "NT AUTHORITY\\SYSTEM",
                          "subjectAccountName": "QDS7$",
                          "subjectAccountDomain": "STELLA",
                          "newLogonSecurityID": "STELLA\\dennis.r",
                          "newLogonAccountName": "dennis.r",
                          "newLogonAccountDomain": "STELLA",
                          "linkedLogonID": "0xDEF3E6",
                          "logonGUID": "{00000000-0000-0000-0000-000000000000}",
                          "processID": "0x1b54",
                          "workstationName": "QDS7",
                          "logonProcess": "CredPro",
                          "authenticationPackage": "Negotiate",
                          "Title": "Login (CachedInteractive)",
                          "tag": ""
                    }
              ]
        },
        {
              "id": "25-2-Login (Unlock)",
              "type": "edge",
              "source": "25",
              "target": "2",
              "date": [
                    1667575321,
                    1667575321,
                    1667575321,
                    1667575321,
                    1667575794,
                    1667575794,
                    1667575794,
                    1667575794,
                    1667576394,
                    1667576394,
                    1667576394,
                    1667576394,
                    1667576802,
                    1667576802,
                    1667576802,
                    1667576802
              ],
              "label": "Login (Unlock)",
              "g": null,
              "ttp": false,
              "inRange": true,
              "visible": true,
              "frequency": 16,
              "merged_edges": {
                    "ids": [
                          "153",
                          "156",
                          "528",
                          "531",
                          "141",
                          "144",
                          "516",
                          "519",
                          "96",
                          "99",
                          "471",
                          "474",
                          "69",
                          "72",
                          "444",
                          "447"
                    ],
                    "score_ttp": [
                          "0"
                    ]
              },
              "properties": [
                    {
                          "_t": [
                                "WindowsModelBase",
                                "Event4624Model"
                          ],
                          "eventID": 4624,
                          "computerName": "QDS7.stella.local",
                          "recordNumber": 3467953,
                          "time": "11-04-2022 15:22:01",
                          "epochTime": 1667575321000,
                          "agentDevice": "WindowsLog",
                          "agentLogFile": "Security",
                          "eventCategory": 12544,
                          "keyWords": "Audit Success",
                          "level": "Log Always",
                          "message": "An account was successfully logged on.",
                          "opCode": "Info",
                          "originatingComputer": "10.0.5.87",
                          "pluginVersion": "7.2.9.105",
                          "source": "Microsoft-Windows-Security-Auditing",
                          "task": "SE_ADT_LOGON_LOGON",
                          "newLogonID": "0xA295C5",
                          "logsourceTime": 1636096954,
                          "subjectLogonID": "0x3E7",
                          "subjectLogonType": "7",
                          "subjectSecurityID": "NT AUTHORITY\\SYSTEM",
                          "subjectAccountName": "QDS7$",
                          "subjectAccountDomain": "STELLA",
                          "newLogonSecurityID": "STELLA\\dennis.r",
                          "newLogonAccountName": "dennis.r",
                          "newLogonAccountDomain": "STELLA",
                          "linkedLogonID": "0xA293F5",
                          "logonGUID": "{00000000-0000-0000-0000-000000000000}",
                          "processID": "0x230",
                          "workstationName": "QDS7",
                          "sourcePort": null,
                          "logonProcess": "Negotiat",
                          "authenticationPackage": "Negotiate",
                          "Title": "Login (Unlock)",
                          "tag": ""
                    },
                    {
                          "_t": [
                                "WindowsModelBase",
                                "Event4624Model"
                          ],
                          "eventID": 4624,
                          "computerName": "QDS7.stella.local",
                          "recordNumber": 3467952,
                          "time": "11-04-2022 15:22:01",
                          "epochTime": 1667575321000,
                          "agentDevice": "WindowsLog",
                          "agentLogFile": "Security",
                          "eventCategory": 12544,
                          "keyWords": "Audit Success",
                          "level": "Log Always",
                          "message": "An account was successfully logged on.",
                          "opCode": "Info",
                          "originatingComputer": "10.0.5.87",
                          "pluginVersion": "7.2.9.105",
                          "source": "Microsoft-Windows-Security-Auditing",
                          "task": "SE_ADT_LOGON_LOGON",
                          "newLogonID": "0xA293F5",
                          "logsourceTime": 1636096954,
                          "subjectLogonID": "0x3E7",
                          "subjectLogonType": "7",
                          "subjectSecurityID": "NT AUTHORITY\\SYSTEM",
                          "subjectAccountName": "QDS7$",
                          "subjectAccountDomain": "STELLA",
                          "newLogonSecurityID": "STELLA\\dennis.r",
                          "newLogonAccountName": "dennis.r",
                          "newLogonAccountDomain": "STELLA",
                          "linkedLogonID": "0xA295C5",
                          "logonGUID": "{9553361C-7D0E-480B-256A-EDFD9A51EC6B}",
                          "processID": "0x230",
                          "workstationName": "QDS7",
                          "sourcePort": null,
                          "logonProcess": "Negotiat",
                          "authenticationPackage": "Negotiate",
                          "Title": "Login (Unlock)",
                          "tag": ""
                    },
                    {
                          "_t": [
                                "ActiveDirectoryModelBase",
                                "Event4624Model"
                          ],
                          "agentDevice": "WindowsLog",
                          "agentLogFile": "Security",
                          "pluginVersion": "7.2.9.105",
                          "source": "Microsoft-Windows-Security-Auditing",
                          "computerName": "QDS7.stella.local",
                          "originatingComputer": "10.0.5.87",
                          "eventID": 4624,
                          "eventCategory": 12544,
                          "recordNumber": 3467953,
                          "level": "Log Always",
                          "task": "SE_ADT_LOGON_LOGON",
                          "opCode": "Info",
                          "message": "An account was successfully logged on.",
                          "sourceip": "10.0.5.87",
                          "time": "11-04-2022 15:22:01",
                          "epochTime": 1667575321000,
                          "keyWords": "Audit Success",
                          "newLogonID": "0xA295C5",
                          "logsourceTime": 1636096954,
                          "subjectLogonID": "0x3E7",
                          "subjectLogonType": "7",
                          "subjectSecurityID": "NT AUTHORITY\\SYSTEM",
                          "subjectAccountName": "QDS7$",
                          "subjectAccountDomain": "STELLA",
                          "newLogonSecurityID": "STELLA\\dennis.r",
                          "newLogonAccountName": "dennis.r",
                          "newLogonAccountDomain": "STELLA",
                          "linkedLogonID": "0xA293F5",
                          "logonGUID": "{00000000-0000-0000-0000-000000000000}",
                          "processID": "0x230",
                          "workstationName": "QDS7",
                          "logonProcess": "Negotiat",
                          "authenticationPackage": "Negotiate",
                          "Title": "Login (Unlock)",
                          "tag": ""
                    },
                    {
                          "_t": [
                                "ActiveDirectoryModelBase",
                                "Event4624Model"
                          ],
                          "agentDevice": "WindowsLog",
                          "agentLogFile": "Security",
                          "pluginVersion": "7.2.9.105",
                          "source": "Microsoft-Windows-Security-Auditing",
                          "computerName": "QDS7.stella.local",
                          "originatingComputer": "10.0.5.87",
                          "eventID": 4624,
                          "eventCategory": 12544,
                          "recordNumber": 3467952,
                          "level": "Log Always",
                          "task": "SE_ADT_LOGON_LOGON",
                          "opCode": "Info",
                          "message": "An account was successfully logged on.",
                          "sourceip": "10.0.5.87",
                          "time": "11-04-2022 15:22:01",
                          "epochTime": 1667575321000,
                          "keyWords": "Audit Success",
                          "newLogonID": "0xA293F5",
                          "logsourceTime": 1636096954,
                          "subjectLogonID": "0x3E7",
                          "subjectLogonType": "7",
                          "subjectSecurityID": "NT AUTHORITY\\SYSTEM",
                          "subjectAccountName": "QDS7$",
                          "subjectAccountDomain": "STELLA",
                          "newLogonSecurityID": "STELLA\\dennis.r",
                          "newLogonAccountName": "dennis.r",
                          "newLogonAccountDomain": "STELLA",
                          "linkedLogonID": "0xA295C5",
                          "logonGUID": "{9553361C-7D0E-480B-256A-EDFD9A51EC6B}",
                          "processID": "0x230",
                          "workstationName": "QDS7",
                          "logonProcess": "Negotiat",
                          "authenticationPackage": "Negotiate",
                          "Title": "Login (Unlock)",
                          "tag": ""
                    },
                    {
                          "_t": [
                                "WindowsModelBase",
                                "Event4624Model"
                          ],
                          "eventID": 4624,
                          "computerName": "QDS7.stella.local",
                          "recordNumber": 3468807,
                          "time": "11-04-2022 15:29:54",
                          "epochTime": 1667575794000,
                          "agentDevice": "WindowsLog",
                          "agentLogFile": "Security",
                          "eventCategory": 12544,
                          "keyWords": "Audit Success",
                          "level": "Log Always",
                          "message": "An account was successfully logged on.",
                          "opCode": "Info",
                          "originatingComputer": "10.0.5.87",
                          "pluginVersion": "7.2.9.105",
                          "source": "Microsoft-Windows-Security-Auditing",
                          "task": "SE_ADT_LOGON_LOGON",
                          "newLogonID": "0xA5EE9B",
                          "logsourceTime": 1636097430,
                          "subjectLogonID": "0x3E7",
                          "subjectLogonType": "7",
                          "subjectSecurityID": "NT AUTHORITY\\SYSTEM",
                          "subjectAccountName": "QDS7$",
                          "subjectAccountDomain": "STELLA",
                          "newLogonSecurityID": "STELLA\\dennis.r",
                          "newLogonAccountName": "dennis.r",
                          "newLogonAccountDomain": "STELLA",
                          "linkedLogonID": "0xA5EE28",
                          "logonGUID": "{00000000-0000-0000-0000-000000000000}",
                          "processID": "0x230",
                          "workstationName": "QDS7",
                          "sourcePort": null,
                          "logonProcess": "Negotiat",
                          "authenticationPackage": "Negotiate",
                          "Title": "Login (Unlock)",
                          "tag": ""
                    },
                    {
                          "_t": [
                                "WindowsModelBase",
                                "Event4624Model"
                          ],
                          "eventID": 4624,
                          "computerName": "QDS7.stella.local",
                          "recordNumber": 3468806,
                          "time": "11-04-2022 15:29:54",
                          "epochTime": 1667575794000,
                          "agentDevice": "WindowsLog",
                          "agentLogFile": "Security",
                          "eventCategory": 12544,
                          "keyWords": "Audit Success",
                          "level": "Log Always",
                          "message": "An account was successfully logged on.",
                          "opCode": "Info",
                          "originatingComputer": "10.0.5.87",
                          "pluginVersion": "7.2.9.105",
                          "source": "Microsoft-Windows-Security-Auditing",
                          "task": "SE_ADT_LOGON_LOGON",
                          "newLogonID": "0xA5EE28",
                          "logsourceTime": 1636097430,
                          "subjectLogonID": "0x3E7",
                          "subjectLogonType": "7",
                          "subjectSecurityID": "NT AUTHORITY\\SYSTEM",
                          "subjectAccountName": "QDS7$",
                          "subjectAccountDomain": "STELLA",
                          "newLogonSecurityID": "STELLA\\dennis.r",
                          "newLogonAccountName": "dennis.r",
                          "newLogonAccountDomain": "STELLA",
                          "linkedLogonID": "0xA5EE9B",
                          "logonGUID": "{EC9FDE14-305B-E8CF-C6BF-0D872B17A92E}",
                          "processID": "0x230",
                          "workstationName": "QDS7",
                          "sourcePort": null,
                          "logonProcess": "Negotiat",
                          "authenticationPackage": "Negotiate",
                          "Title": "Login (Unlock)",
                          "tag": ""
                    },
                    {
                          "_t": [
                                "ActiveDirectoryModelBase",
                                "Event4624Model"
                          ],
                          "agentDevice": "WindowsLog",
                          "agentLogFile": "Security",
                          "pluginVersion": "7.2.9.105",
                          "source": "Microsoft-Windows-Security-Auditing",
                          "computerName": "QDS7.stella.local",
                          "originatingComputer": "10.0.5.87",
                          "eventID": 4624,
                          "eventCategory": 12544,
                          "recordNumber": 3468807,
                          "level": "Log Always",
                          "task": "SE_ADT_LOGON_LOGON",
                          "opCode": "Info",
                          "message": "An account was successfully logged on.",
                          "sourceip": "10.0.5.87",
                          "time": "11-04-2022 15:29:54",
                          "epochTime": 1667575794000,
                          "keyWords": "Audit Success",
                          "newLogonID": "0xA5EE9B",
                          "logsourceTime": 1636097430,
                          "subjectLogonID": "0x3E7",
                          "subjectLogonType": "7",
                          "subjectSecurityID": "NT AUTHORITY\\SYSTEM",
                          "subjectAccountName": "QDS7$",
                          "subjectAccountDomain": "STELLA",
                          "newLogonSecurityID": "STELLA\\dennis.r",
                          "newLogonAccountName": "dennis.r",
                          "newLogonAccountDomain": "STELLA",
                          "linkedLogonID": "0xA5EE28",
                          "logonGUID": "{00000000-0000-0000-0000-000000000000}",
                          "processID": "0x230",
                          "workstationName": "QDS7",
                          "logonProcess": "Negotiat",
                          "authenticationPackage": "Negotiate",
                          "Title": "Login (Unlock)",
                          "tag": ""
                    },
                    {
                          "_t": [
                                "ActiveDirectoryModelBase",
                                "Event4624Model"
                          ],
                          "agentDevice": "WindowsLog",
                          "agentLogFile": "Security",
                          "pluginVersion": "7.2.9.105",
                          "source": "Microsoft-Windows-Security-Auditing",
                          "computerName": "QDS7.stella.local",
                          "originatingComputer": "10.0.5.87",
                          "eventID": 4624,
                          "eventCategory": 12544,
                          "recordNumber": 3468806,
                          "level": "Log Always",
                          "task": "SE_ADT_LOGON_LOGON",
                          "opCode": "Info",
                          "message": "An account was successfully logged on.",
                          "sourceip": "10.0.5.87",
                          "time": "11-04-2022 15:29:54",
                          "epochTime": 1667575794000,
                          "keyWords": "Audit Success",
                          "newLogonID": "0xA5EE28",
                          "logsourceTime": 1636097430,
                          "subjectLogonID": "0x3E7",
                          "subjectLogonType": "7",
                          "subjectSecurityID": "NT AUTHORITY\\SYSTEM",
                          "subjectAccountName": "QDS7$",
                          "subjectAccountDomain": "STELLA",
                          "newLogonSecurityID": "STELLA\\dennis.r",
                          "newLogonAccountName": "dennis.r",
                          "newLogonAccountDomain": "STELLA",
                          "linkedLogonID": "0xA5EE9B",
                          "logonGUID": "{EC9FDE14-305B-E8CF-C6BF-0D872B17A92E}",
                          "processID": "0x230",
                          "workstationName": "QDS7",
                          "logonProcess": "Negotiat",
                          "authenticationPackage": "Negotiate",
                          "Title": "Login (Unlock)",
                          "tag": ""
                    },
                    {
                          "_t": [
                                "WindowsModelBase",
                                "Event4624Model"
                          ],
                          "eventID": 4624,
                          "computerName": "QDS7.stella.local",
                          "recordNumber": 3469851,
                          "time": "11-04-2022 15:39:54",
                          "epochTime": 1667576394000,
                          "agentDevice": "WindowsLog",
                          "agentLogFile": "Security",
                          "eventCategory": 12544,
                          "keyWords": "Audit Success",
                          "level": "Log Always",
                          "message": "An account was successfully logged on.",
                          "opCode": "Info",
                          "originatingComputer": "10.0.5.87",
                          "pluginVersion": "7.2.9.105",
                          "source": "Microsoft-Windows-Security-Auditing",
                          "task": "SE_ADT_LOGON_LOGON",
                          "newLogonID": "0xB04EE8",
                          "logsourceTime": 1636098023,
                          "subjectLogonID": "0x3E7",
                          "subjectLogonType": "7",
                          "subjectSecurityID": "NT AUTHORITY\\SYSTEM",
                          "subjectAccountName": "QDS7$",
                          "subjectAccountDomain": "STELLA",
                          "newLogonSecurityID": "STELLA\\dennis.r",
                          "newLogonAccountName": "dennis.r",
                          "newLogonAccountDomain": "STELLA",
                          "linkedLogonID": "0xB04FBE",
                          "logonGUID": "{46005D0F-A4A9-FF32-B501-A098EE283DBE}",
                          "processID": "0x230",
                          "workstationName": "QDS7",
                          "sourcePort": null,
                          "logonProcess": "Negotiat",
                          "authenticationPackage": "Negotiate",
                          "Title": "Login (Unlock)",
                          "tag": ""
                    },
                    {
                          "_t": [
                                "WindowsModelBase",
                                "Event4624Model"
                          ],
                          "eventID": 4624,
                          "computerName": "QDS7.stella.local",
                          "recordNumber": 3469852,
                          "time": "11-04-2022 15:39:54",
                          "epochTime": 1667576394000,
                          "agentDevice": "WindowsLog",
                          "agentLogFile": "Security",
                          "eventCategory": 12544,
                          "keyWords": "Audit Success",
                          "level": "Log Always",
                          "message": "An account was successfully logged on.",
                          "opCode": "Info",
                          "originatingComputer": "10.0.5.87",
                          "pluginVersion": "7.2.9.105",
                          "source": "Microsoft-Windows-Security-Auditing",
                          "task": "SE_ADT_LOGON_LOGON",
                          "newLogonID": "0xB04FBE",
                          "logsourceTime": 1636098023,
                          "subjectLogonID": "0x3E7",
                          "subjectLogonType": "7",
                          "subjectSecurityID": "NT AUTHORITY\\SYSTEM",
                          "subjectAccountName": "QDS7$",
                          "subjectAccountDomain": "STELLA",
                          "newLogonSecurityID": "STELLA\\dennis.r",
                          "newLogonAccountName": "dennis.r",
                          "newLogonAccountDomain": "STELLA",
                          "linkedLogonID": "0xB04EE8",
                          "logonGUID": "{00000000-0000-0000-0000-000000000000}",
                          "processID": "0x230",
                          "workstationName": "QDS7",
                          "sourcePort": null,
                          "logonProcess": "Negotiat",
                          "authenticationPackage": "Negotiate",
                          "Title": "Login (Unlock)",
                          "tag": ""
                    },
                    {
                          "_t": [
                                "ActiveDirectoryModelBase",
                                "Event4624Model"
                          ],
                          "agentDevice": "WindowsLog",
                          "agentLogFile": "Security",
                          "pluginVersion": "7.2.9.105",
                          "source": "Microsoft-Windows-Security-Auditing",
                          "computerName": "QDS7.stella.local",
                          "originatingComputer": "10.0.5.87",
                          "eventID": 4624,
                          "eventCategory": 12544,
                          "recordNumber": 3469851,
                          "level": "Log Always",
                          "task": "SE_ADT_LOGON_LOGON",
                          "opCode": "Info",
                          "message": "An account was successfully logged on.",
                          "sourceip": "10.0.5.87",
                          "time": "11-04-2022 15:39:54",
                          "epochTime": 1667576394000,
                          "keyWords": "Audit Success",
                          "newLogonID": "0xB04EE8",
                          "logsourceTime": 1636098023,
                          "subjectLogonID": "0x3E7",
                          "subjectLogonType": "7",
                          "subjectSecurityID": "NT AUTHORITY\\SYSTEM",
                          "subjectAccountName": "QDS7$",
                          "subjectAccountDomain": "STELLA",
                          "newLogonSecurityID": "STELLA\\dennis.r",
                          "newLogonAccountName": "dennis.r",
                          "newLogonAccountDomain": "STELLA",
                          "linkedLogonID": "0xB04FBE",
                          "logonGUID": "{46005D0F-A4A9-FF32-B501-A098EE283DBE}",
                          "processID": "0x230",
                          "workstationName": "QDS7",
                          "logonProcess": "Negotiat",
                          "authenticationPackage": "Negotiate",
                          "Title": "Login (Unlock)",
                          "tag": ""
                    },
                    {
                          "_t": [
                                "ActiveDirectoryModelBase",
                                "Event4624Model"
                          ],
                          "agentDevice": "WindowsLog",
                          "agentLogFile": "Security",
                          "pluginVersion": "7.2.9.105",
                          "source": "Microsoft-Windows-Security-Auditing",
                          "computerName": "QDS7.stella.local",
                          "originatingComputer": "10.0.5.87",
                          "eventID": 4624,
                          "eventCategory": 12544,
                          "recordNumber": 3469852,
                          "level": "Log Always",
                          "task": "SE_ADT_LOGON_LOGON",
                          "opCode": "Info",
                          "message": "An account was successfully logged on.",
                          "sourceip": "10.0.5.87",
                          "time": "11-04-2022 15:39:54",
                          "epochTime": 1667576394000,
                          "keyWords": "Audit Success",
                          "newLogonID": "0xB04FBE",
                          "logsourceTime": 1636098023,
                          "subjectLogonID": "0x3E7",
                          "subjectLogonType": "7",
                          "subjectSecurityID": "NT AUTHORITY\\SYSTEM",
                          "subjectAccountName": "QDS7$",
                          "subjectAccountDomain": "STELLA",
                          "newLogonSecurityID": "STELLA\\dennis.r",
                          "newLogonAccountName": "dennis.r",
                          "newLogonAccountDomain": "STELLA",
                          "linkedLogonID": "0xB04EE8",
                          "logonGUID": "{00000000-0000-0000-0000-000000000000}",
                          "processID": "0x230",
                          "workstationName": "QDS7",
                          "logonProcess": "Negotiat",
                          "authenticationPackage": "Negotiate",
                          "Title": "Login (Unlock)",
                          "tag": ""
                    },
