                    {
                          "_t": [
                                "ActiveDirectoryModelBase",
                                "Event4624Model"
                          ],
                          "agentDevice": "WindowsLog",
                          "agentLogFile": "Security",
                          "pluginVersion": "7.2.9.105",
                          "source": "Microsoft-Windows-Security-Auditing",
                          "computerName": "QDS7.stella.local",
                          "originatingComputer": "10.0.5.87",
                          "eventID": 4624,
                          "eventCategory": 12544,
                          "recordNumber": 3471037,
                          "level": "Log Always",
                          "task": "SE_ADT_LOGON_LOGON",
                          "opCode": "Info",
                          "message": "An account was successfully logged on.",
                          "sourceip": "10.0.4.10",
                          "time": "11-04-2022 15:47:24",
                          "epochTime": 1667576844000,
                          "keyWords": "Audit Success",
                          "newLogonID": "0xB4DD52",
                          "logsourceTime": 1636098477,
                          "subjectLogonID": "0x0",
                          "subjectLogonType": "3",
                          "subjectSecurityID": "NULL SID",
                          "newLogonSecurityID": "STELLA\\client11",
                          "newLogonAccountName": "client11",
                          "newLogonAccountDomain": "STELLA.LOCAL",
                          "linkedLogonID": "0x0",
                          "logonGUID": "{B0723E28-B139-9FA1-3CDD-3B2B1055DDF2}",
                          "processID": "0x0",
                          "sourceNetworkAddress": "10.0.4.10",
                          "sourcePort": 63040,
                          "logonProcess": "Kerberos",
                          "authenticationPackage": "Kerberos",
                          "Title": "Login (Network)",
                          "tag": ""
                    },
                    {
                          "_t": [
                                "ActiveDirectoryModelBase",
                                "Event4624Model"
                          ],
                          "agentDevice": "WindowsLog",
                          "agentLogFile": "Security",
                          "pluginVersion": "7.2.9.105",
                          "source": "Microsoft-Windows-Security-Auditing",
                          "computerName": "QDS7.stella.local",
                          "originatingComputer": "10.0.5.87",
                          "eventID": 4624,
                          "eventCategory": 12544,
                          "recordNumber": 3471016,
                          "level": "Log Always",
                          "task": "SE_ADT_LOGON_LOGON",
                          "opCode": "Info",
                          "message": "An account was successfully logged on.",
                          "sourceip": "10.0.4.10",
                          "time": "11-04-2022 15:47:24",
                          "epochTime": 1667576844000,
                          "keyWords": "Audit Success",
                          "packageName": "NTLM V2",
                          "newLogonID": "0xB4BDE2",
                          "logsourceTime": 1636098476,
                          "subjectLogonID": "0x0",
                          "subjectLogonType": "3",
                          "subjectSecurityID": "NULL SID",
                          "newLogonSecurityID": "STELLA\\client11",
                          "newLogonAccountName": "client11",
                          "newLogonAccountDomain": "STELLA",
                          "linkedLogonID": "0x0",
                          "logonGUID": "{00000000-0000-0000-0000-000000000000}",
                          "processID": "0x0",
                          "workstationName": "L3-DC10",
                          "sourceNetworkAddress": "10.0.4.10",
                          "sourcePort": 63040,
                          "logonProcess": "NtLmSsp",
                          "authenticationPackage": "NTLM",
                          "Title": "Login (Network)",
                          "tag": ""
                    },
                    {
                          "_t": [
                                "ActiveDirectoryModelBase",
                                "Event4624Model"
                          ],
                          "agentDevice": "WindowsLog",
                          "agentLogFile": "Security",
                          "pluginVersion": "7.2.9.105",
                          "source": "Microsoft-Windows-Security-Auditing",
                          "computerName": "QDS7.stella.local",
                          "originatingComputer": "10.0.5.87",
                          "eventID": 4624,
                          "eventCategory": 12544,
                          "recordNumber": 3471022,
                          "level": "Log Always",
                          "task": "SE_ADT_LOGON_LOGON",
                          "opCode": "Info",
                          "message": "An account was successfully logged on.",
                          "sourceip": "10.0.4.10",
                          "time": "11-04-2022 15:47:24",
                          "epochTime": 1667576844000,
                          "keyWords": "Audit Success",
                          "newLogonID": "0xB4BE2D",
                          "logsourceTime": 1636098476,
                          "subjectLogonID": "0x0",
                          "subjectLogonType": "3",
                          "subjectSecurityID": "NULL SID",
                          "newLogonSecurityID": "STELLA\\client11",
                          "newLogonAccountName": "client11",
                          "newLogonAccountDomain": "STELLA.LOCAL",
                          "linkedLogonID": "0x0",
                          "logonGUID": "{2906B99D-DC8B-8A07-4A6F-276ABF192746}",
                          "processID": "0x0",
                          "sourceNetworkAddress": "10.0.4.10",
                          "sourcePort": 63042,
                          "logonProcess": "Kerberos",
                          "authenticationPackage": "Kerberos",
                          "Title": "Login (Network)",
                          "tag": ""
                    },
                    {
                          "_t": [
                                "ActiveDirectoryModelBase",
                                "Event4624Model"
                          ],
                          "agentDevice": "WindowsLog",
                          "agentLogFile": "Security",
                          "pluginVersion": "7.2.9.105",
                          "source": "Microsoft-Windows-Security-Auditing",
                          "computerName": "QDS7.stella.local",
                          "originatingComputer": "10.0.5.87",
                          "eventID": 4624,
                          "eventCategory": 12544,
                          "recordNumber": 3471030,
                          "level": "Log Always",
                          "task": "SE_ADT_LOGON_LOGON",
                          "opCode": "Info",
                          "message": "An account was successfully logged on.",
                          "sourceip": "10.0.4.10",
                          "time": "11-04-2022 15:47:24",
                          "epochTime": 1667576844000,
                          "keyWords": "Audit Success",
                          "newLogonID": "0xB4C1C9",
                          "logsourceTime": 1636098476,
                          "subjectLogonID": "0x0",
                          "subjectLogonType": "3",
                          "subjectSecurityID": "NULL SID",
                          "newLogonSecurityID": "STELLA\\client11",
                          "newLogonAccountName": "client11",
                          "newLogonAccountDomain": "STELLA.LOCAL",
                          "linkedLogonID": "0x0",
                          "logonGUID": "{2906B99D-DC8B-8A07-4A6F-276ABF192746}",
                          "processID": "0x0",
                          "sourceNetworkAddress": "10.0.4.10",
                          "sourcePort": 63043,
                          "logonProcess": "Kerberos",
                          "authenticationPackage": "Kerberos",
                          "Title": "Login (Network)",
                          "tag": ""
                    },
                    {
                          "_t": [
                                "ActiveDirectoryModelBase",
                                "Event4624Model"
                          ],
                          "agentDevice": "WindowsLog",
                          "agentLogFile": "Security",
                          "pluginVersion": "7.2.9.105",
                          "source": "Microsoft-Windows-Security-Auditing",
                          "computerName": "QDS7.stella.local",
                          "originatingComputer": "10.0.5.87",
                          "eventID": 4624,
                          "eventCategory": 12544,
                          "recordNumber": 3471019,
                          "level": "Log Always",
                          "task": "SE_ADT_LOGON_LOGON",
                          "opCode": "Info",
                          "message": "An account was successfully logged on.",
                          "sourceip": "10.0.4.10",
                          "time": "11-04-2022 15:47:24",
                          "epochTime": 1667576844000,
                          "keyWords": "Audit Success",
                          "newLogonID": "0xB4BE15",
                          "logsourceTime": 1636098476,
                          "subjectLogonID": "0x0",
                          "subjectLogonType": "3",
                          "subjectSecurityID": "NULL SID",
                          "newLogonSecurityID": "STELLA\\client11",
                          "newLogonAccountName": "client11",
                          "newLogonAccountDomain": "STELLA.LOCAL",
                          "linkedLogonID": "0x0",
                          "logonGUID": "{6BEB0314-41BC-B104-2D69-1E38FEA1FCEC}",
                          "processID": "0x0",
                          "sourceNetworkAddress": "10.0.4.10",
                          "sourcePort": 63041,
                          "logonProcess": "Kerberos",
                          "authenticationPackage": "Kerberos",
                          "Title": "Login (Network)",
                          "tag": ""
                    },
                    {
                          "_t": [
                                "WindowsModelBase",
                                "Event4624Model"
                          ],
                          "eventID": 4624,
                          "computerName": "QDS7.stella.local",
                          "recordNumber": 3473617,
                          "time": "11-04-2022 15:59:32",
                          "epochTime": 1667577572000,
                          "agentDevice": "WindowsLog",
                          "agentLogFile": "Security",
                          "eventCategory": 12544,
                          "keyWords": "Audit Success",
                          "level": "Log Always",
                          "message": "An account was successfully logged on.",
                          "opCode": "Info",
                          "originatingComputer": "10.0.5.87",
                          "pluginVersion": "7.2.9.105",
                          "source": "Microsoft-Windows-Security-Auditing",
                          "task": "SE_ADT_LOGON_LOGON",
                          "newLogonID": "0xDFC6BF",
                          "logsourceTime": 1636099211,
                          "subjectLogonID": "0x0",
                          "subjectLogonType": "3",
                          "subjectSecurityID": "NULL SID",
                          "subjectAccountName": "-",
                          "subjectAccountDomain": "-",
                          "newLogonSecurityID": "STELLA\\client11",
                          "newLogonAccountName": "client11",
                          "newLogonAccountDomain": "STELLA.LOCAL",
                          "linkedLogonID": "0x0",
                          "logonGUID": "{2906B99D-DC8B-8A07-4A6F-276ABF192746}",
                          "processID": "0x0",
                          "sourceNetworkAddress": "10.0.4.10",
                          "sourcePort": 63264,
                          "logonProcess": "Kerberos",
                          "authenticationPackage": "Kerberos",
                          "Title": "Login (Network)",
                          "tag": ""
                    },
                    {
                          "_t": [
                                "WindowsModelBase",
                                "Event4624Model"
                          ],
                          "eventID": 4624,
                          "computerName": "QDS7.stella.local",
                          "recordNumber": 3473625,
                          "time": "11-04-2022 15:59:32",
                          "epochTime": 1667577572000,
                          "agentDevice": "WindowsLog",
                          "agentLogFile": "Security",
                          "eventCategory": 12544,
                          "keyWords": "Audit Success",
                          "level": "Log Always",
                          "message": "An account was successfully logged on.",
                          "opCode": "Info",
                          "originatingComputer": "10.0.5.87",
                          "pluginVersion": "7.2.9.105",
                          "source": "Microsoft-Windows-Security-Auditing",
                          "task": "SE_ADT_LOGON_LOGON",
                          "newLogonID": "0xDFF589",
                          "logsourceTime": 1636099212,
                          "subjectLogonID": "0x0",
                          "subjectLogonType": "3",
                          "subjectSecurityID": "NULL SID",
                          "subjectAccountName": "-",
                          "subjectAccountDomain": "-",
                          "newLogonSecurityID": "STELLA\\client11",
                          "newLogonAccountName": "client11",
                          "newLogonAccountDomain": "STELLA.LOCAL",
                          "linkedLogonID": "0x0",
                          "logonGUID": "{2906B99D-DC8B-8A07-4A6F-276ABF192746}",
                          "processID": "0x0",
                          "sourceNetworkAddress": "10.0.4.10",
                          "sourcePort": 63266,
                          "logonProcess": "Kerberos",
                          "authenticationPackage": "Kerberos",
                          "Title": "Login (Network)",
                          "tag": ""
                    },
                    {
                          "_t": [
                                "WindowsModelBase",
                                "Event4624Model"
                          ],
                          "eventID": 4624,
                          "computerName": "QDS7.stella.local",
                          "recordNumber": 3473623,
                          "time": "11-04-2022 15:59:32",
                          "epochTime": 1667577572000,
                          "agentDevice": "WindowsLog",
                          "agentLogFile": "Security",
                          "eventCategory": 12544,
                          "keyWords": "Audit Success",
                          "level": "Log Always",
                          "message": "An account was successfully logged on.",
                          "opCode": "Info",
                          "originatingComputer": "10.0.5.87",
                          "pluginVersion": "7.2.9.105",
                          "source": "Microsoft-Windows-Security-Auditing",
                          "task": "SE_ADT_LOGON_LOGON",
                          "newLogonID": "0xDFD5EF",
                          "logsourceTime": 1636099211,
                          "subjectLogonID": "0x0",
                          "subjectLogonType": "3",
                          "subjectSecurityID": "NULL SID",
                          "subjectAccountName": "-",
                          "subjectAccountDomain": "-",
                          "newLogonSecurityID": "STELLA\\client11",
                          "newLogonAccountName": "client11",
                          "newLogonAccountDomain": "STELLA.LOCAL",
                          "linkedLogonID": "0x0",
                          "logonGUID": "{2906B99D-DC8B-8A07-4A6F-276ABF192746}",
                          "processID": "0x0",
                          "sourceNetworkAddress": "10.0.4.10",
                          "sourcePort": 63266,
                          "logonProcess": "Kerberos",
                          "authenticationPackage": "Kerberos",
                          "Title": "Login (Network)",
                          "tag": ""
                    },
                    {
                          "_t": [
                                "WindowsModelBase",
                                "Event4624Model"
                          ],
                          "eventID": 4624,
                          "computerName": "QDS7.stella.local",
                          "recordNumber": 3473619,
                          "time": "11-04-2022 15:59:32",
                          "epochTime": 1667577572000,
                          "agentDevice": "WindowsLog",
                          "agentLogFile": "Security",
                          "eventCategory": 12544,
                          "keyWords": "Audit Success",
                          "level": "Log Always",
                          "message": "An account was successfully logged on.",
                          "opCode": "Info",
                          "originatingComputer": "10.0.5.87",
                          "pluginVersion": "7.2.9.105",
                          "source": "Microsoft-Windows-Security-Auditing",
                          "task": "SE_ADT_LOGON_LOGON",
                          "newLogonID": "0xDFC6D2",
                          "logsourceTime": 1636099211,
                          "subjectLogonID": "0x0",
                          "subjectLogonType": "3",
                          "subjectSecurityID": "NULL SID",
                          "subjectAccountName": "-",
                          "subjectAccountDomain": "-",
                          "newLogonSecurityID": "STELLA\\client11",
                          "newLogonAccountName": "client11",
                          "newLogonAccountDomain": "STELLA.LOCAL",
                          "linkedLogonID": "0x0",
                          "logonGUID": "{2906B99D-DC8B-8A07-4A6F-276ABF192746}",
                          "processID": "0x0",
                          "sourceNetworkAddress": "10.0.4.10",
                          "sourcePort": 63264,
                          "logonProcess": "Kerberos",
                          "authenticationPackage": "Kerberos",
                          "Title": "Login (Network)",
                          "tag": ""
                    },
                    {
                          "_t": [
                                "WindowsModelBase",
                                "Event4624Model"
                          ],
                          "eventID": 4624,
                          "computerName": "QDS7.stella.local",
                          "recordNumber": 3473614,
                          "time": "11-04-2022 15:59:32",
                          "epochTime": 1667577572000,
                          "agentDevice": "WindowsLog",
                          "agentLogFile": "Security",
                          "eventCategory": 12544,
                          "keyWords": "Audit Success",
                          "level": "Log Always",
                          "message": "An account was successfully logged on.",
                          "opCode": "Info",
                          "originatingComputer": "10.0.5.87",
                          "pluginVersion": "7.2.9.105",
                          "source": "Microsoft-Windows-Security-Auditing",
                          "task": "SE_ADT_LOGON_LOGON",
                          "newLogonID": "0xDFC692",
                          "logsourceTime": 1636099211,
                          "subjectLogonID": "0x0",
                          "subjectLogonType": "3",
                          "subjectSecurityID": "NULL SID",
                          "subjectAccountName": "-",
                          "subjectAccountDomain": "-",
                          "newLogonSecurityID": "STELLA\\client11",
                          "newLogonAccountName": "client11",
                          "newLogonAccountDomain": "STELLA.LOCAL",
                          "linkedLogonID": "0x0",
                          "logonGUID": "{6BEB0314-41BC-B104-2D69-1E38FEA1FCEC}",
                          "processID": "0x0",
                          "sourceNetworkAddress": "10.0.4.10",
                          "sourcePort": 63263,
                          "logonProcess": "Kerberos",
                          "authenticationPackage": "Kerberos",
                          "Title": "Login (Network)",
                          "tag": ""
                    },
                    {
                          "_t": [
                                "WindowsModelBase",
                                "Event4624Model"
                          ],
                          "eventID": 4624,
                          "computerName": "QDS7.stella.local",
                          "recordNumber": 3473611,
                          "time": "11-04-2022 15:59:32",
                          "epochTime": 1667577572000,
                          "agentDevice": "WindowsLog",
                          "agentLogFile": "Security",
                          "eventCategory": 12544,
                          "keyWords": "Audit Success",
                          "level": "Log Always",
                          "message": "An account was successfully logged on.",
                          "opCode": "Info",
                          "originatingComputer": "10.0.5.87",
                          "packageName": "NTLM V2",
                          "pluginVersion": "7.2.9.105",
                          "source": "Microsoft-Windows-Security-Auditing",
                          "task": "SE_ADT_LOGON_LOGON",
                          "newLogonID": "0xDFC653",
                          "logsourceTime": 1636099210,
                          "subjectLogonID": "0x0",
                          "subjectLogonType": "3",
                          "subjectSecurityID": "NULL SID",
                          "subjectAccountName": "-",
                          "subjectAccountDomain": "-",
                          "newLogonSecurityID": "STELLA\\client11",
                          "newLogonAccountName": "client11",
                          "newLogonAccountDomain": "STELLA",
                          "linkedLogonID": "0x0",
                          "logonGUID": "{00000000-0000-0000-0000-000000000000}",
                          "processID": "0x0",
                          "workstationName": "L3-DC10",
                          "sourceNetworkAddress": "10.0.4.10",
                          "sourcePort": 63262,
                          "logonProcess": "NtLmSsp",
                          "authenticationPackage": "NTLM",
                          "Title": "Login (Network)",
                          "tag": ""
                    },
                    {
                          "_t": [
                                "WindowsModelBase",
                                "Event4624Model"
                          ],
                          "eventID": 4624,
                          "computerName": "QDS7.stella.local",
                          "recordNumber": 3473627,
                          "time": "11-04-2022 15:59:32",
                          "epochTime": 1667577572000,
                          "agentDevice": "WindowsLog",
                          "agentLogFile": "Security",
                          "eventCategory": 12544,
                          "keyWords": "Audit Success",
                          "level": "Log Always",
                          "message": "An account was successfully logged on.",
                          "opCode": "Info",
                          "originatingComputer": "10.0.5.87",
                          "pluginVersion": "7.2.9.105",
                          "source": "Microsoft-Windows-Security-Auditing",
                          "task": "SE_ADT_LOGON_LOGON",
                          "newLogonID": "0xDFF6AA",
                          "logsourceTime": 1636099212,
                          "subjectLogonID": "0x0",
                          "subjectLogonType": "3",
                          "subjectSecurityID": "NULL SID",
                          "subjectAccountName": "-",
                          "subjectAccountDomain": "-",
                          "newLogonSecurityID": "STELLA\\client11",
                          "newLogonAccountName": "client11",
                          "newLogonAccountDomain": "STELLA.LOCAL",
                          "linkedLogonID": "0x0",
                          "logonGUID": "{B0723E28-B139-9FA1-3CDD-3B2B1055DDF2}",
                          "processID": "0x0",
                          "sourceNetworkAddress": "10.0.4.10",
                          "sourcePort": 63262,
                          "logonProcess": "Kerberos",
                          "authenticationPackage": "Kerberos",
                          "Title": "Login (Network)",
                          "tag": ""
                    },
                    {
                          "_t": [
                                "ActiveDirectoryModelBase",
                                "Event4624Model"
                          ],
                          "agentDevice": "WindowsLog",
                          "agentLogFile": "Security",
                          "pluginVersion": "7.2.9.105",
                          "source": "Microsoft-Windows-Security-Auditing",
                          "computerName": "QDS7.stella.local",
                          "originatingComputer": "10.0.5.87",
                          "eventID": 4624,
                          "eventCategory": 12544,
                          "recordNumber": 3473617,
                          "level": "Log Always",
                          "task": "SE_ADT_LOGON_LOGON",
                          "opCode": "Info",
                          "message": "An account was successfully logged on.",
                          "sourceip": "10.0.4.10",
                          "time": "11-04-2022 15:59:32",
                          "epochTime": 1667577572000,
                          "keyWords": "Audit Success",
                          "newLogonID": "0xDFC6BF",
                          "logsourceTime": 1636099211,
                          "subjectLogonID": "0x0",
                          "subjectLogonType": "3",
                          "subjectSecurityID": "NULL SID",
                          "newLogonSecurityID": "STELLA\\client11",
                          "newLogonAccountName": "client11",
                          "newLogonAccountDomain": "STELLA.LOCAL",
                          "linkedLogonID": "0x0",
                          "logonGUID": "{2906B99D-DC8B-8A07-4A6F-276ABF192746}",
                          "processID": "0x0",
                          "sourceNetworkAddress": "10.0.4.10",
                          "sourcePort": 63264,
                          "logonProcess": "Kerberos",
                          "authenticationPackage": "Kerberos",
                          "Title": "Login (Network)",
                          "tag": ""
                    },
                    {
                          "_t": [
                                "ActiveDirectoryModelBase",
                                "Event4624Model"
                          ],
                          "agentDevice": "WindowsLog",
                          "agentLogFile": "Security",
                          "pluginVersion": "7.2.9.105",
                          "source": "Microsoft-Windows-Security-Auditing",
                          "computerName": "QDS7.stella.local",
                          "originatingComputer": "10.0.5.87",
                          "eventID": 4624,
                          "eventCategory": 12544,
                          "recordNumber": 3473625,
                          "level": "Log Always",
                          "task": "SE_ADT_LOGON_LOGON",
                          "opCode": "Info",
                          "message": "An account was successfully logged on.",
                          "sourceip": "10.0.4.10",
                          "time": "11-04-2022 15:59:32",
                          "epochTime": 1667577572000,
                          "keyWords": "Audit Success",
                          "newLogonID": "0xDFF589",
                          "logsourceTime": 1636099212,
                          "subjectLogonID": "0x0",
                          "subjectLogonType": "3",
                          "subjectSecurityID": "NULL SID",
                          "newLogonSecurityID": "STELLA\\client11",
                          "newLogonAccountName": "client11",
                          "newLogonAccountDomain": "STELLA.LOCAL",
                          "linkedLogonID": "0x0",
                          "logonGUID": "{2906B99D-DC8B-8A07-4A6F-276ABF192746}",
                          "processID": "0x0",
                          "sourceNetworkAddress": "10.0.4.10",
                          "sourcePort": 63266,
                          "logonProcess": "Kerberos",
                          "authenticationPackage": "Kerberos",
                          "Title": "Login (Network)",
                          "tag": ""
                    },
                    {
                          "_t": [
                                "ActiveDirectoryModelBase",
                                "Event4624Model"
                          ],
                          "agentDevice": "WindowsLog",
                          "agentLogFile": "Security",
                          "pluginVersion": "7.2.9.105",
                          "source": "Microsoft-Windows-Security-Auditing",
                          "computerName": "QDS7.stella.local",
                          "originatingComputer": "10.0.5.87",
                          "eventID": 4624,
                          "eventCategory": 12544,
                          "recordNumber": 3473623,
                          "level": "Log Always",
                          "task": "SE_ADT_LOGON_LOGON",
                          "opCode": "Info",
                          "message": "An account was successfully logged on.",
                          "sourceip": "10.0.4.10",
                          "time": "11-04-2022 15:59:32",
                          "epochTime": 1667577572000,
                          "keyWords": "Audit Success",
                          "newLogonID": "0xDFD5EF",
                          "logsourceTime": 1636099211,
                          "subjectLogonID": "0x0",
                          "subjectLogonType": "3",
                          "subjectSecurityID": "NULL SID",
                          "newLogonSecurityID": "STELLA\\client11",
                          "newLogonAccountName": "client11",
                          "newLogonAccountDomain": "STELLA.LOCAL",
                          "linkedLogonID": "0x0",
                          "logonGUID": "{2906B99D-DC8B-8A07-4A6F-276ABF192746}",
                          "processID": "0x0",
                          "sourceNetworkAddress": "10.0.4.10",
                          "sourcePort": 63266,
                          "logonProcess": "Kerberos",
                          "authenticationPackage": "Kerberos",
                          "Title": "Login (Network)",
                          "tag": ""
                    },
                    {
                          "_t": [
                                "ActiveDirectoryModelBase",
                                "Event4624Model"
                          ],
                          "agentDevice": "WindowsLog",
                          "agentLogFile": "Security",
                          "pluginVersion": "7.2.9.105",
                          "source": "Microsoft-Windows-Security-Auditing",
                          "computerName": "QDS7.stella.local",
                          "originatingComputer": "10.0.5.87",
                          "eventID": 4624,
                          "eventCategory": 12544,
                          "recordNumber": 3473619,
                          "level": "Log Always",
                          "task": "SE_ADT_LOGON_LOGON",
                          "opCode": "Info",
                          "message": "An account was successfully logged on.",
                          "sourceip": "10.0.4.10",
                          "time": "11-04-2022 15:59:32",
                          "epochTime": 1667577572000,
                          "keyWords": "Audit Success",
                          "newLogonID": "0xDFC6D2",
                          "logsourceTime": 1636099211,
                          "subjectLogonID": "0x0",
                          "subjectLogonType": "3",
                          "subjectSecurityID": "NULL SID",
                          "newLogonSecurityID": "STELLA\\client11",
                          "newLogonAccountName": "client11",
                          "newLogonAccountDomain": "STELLA.LOCAL",
                          "linkedLogonID": "0x0",
                          "logonGUID": "{2906B99D-DC8B-8A07-4A6F-276ABF192746}",
                          "processID": "0x0",
                          "sourceNetworkAddress": "10.0.4.10",
                          "sourcePort": 63264,
                          "logonProcess": "Kerberos",
                          "authenticationPackage": "Kerberos",
                          "Title": "Login (Network)",
                          "tag": ""
                    },
                    {
                          "_t": [
                                "ActiveDirectoryModelBase",
                                "Event4624Model"
                          ],
                          "agentDevice": "WindowsLog",
                          "agentLogFile": "Security",
                          "pluginVersion": "7.2.9.105",
                          "source": "Microsoft-Windows-Security-Auditing",
                          "computerName": "QDS7.stella.local",
                          "originatingComputer": "10.0.5.87",
                          "eventID": 4624,
                          "eventCategory": 12544,
                          "recordNumber": 3473614,
                          "level": "Log Always",
                          "task": "SE_ADT_LOGON_LOGON",
                          "opCode": "Info",
                          "message": "An account was successfully logged on.",
                          "sourceip": "10.0.4.10",
                          "time": "11-04-2022 15:59:32",
                          "epochTime": 1667577572000,
                          "keyWords": "Audit Success",
                          "newLogonID": "0xDFC692",
                          "logsourceTime": 1636099211,
                          "subjectLogonID": "0x0",
                          "subjectLogonType": "3",
                          "subjectSecurityID": "NULL SID",
                          "newLogonSecurityID": "STELLA\\client11",
                          "newLogonAccountName": "client11",
                          "newLogonAccountDomain": "STELLA.LOCAL",
                          "linkedLogonID": "0x0",
                          "logonGUID": "{6BEB0314-41BC-B104-2D69-1E38FEA1FCEC}",
                          "processID": "0x0",
                          "sourceNetworkAddress": "10.0.4.10",
                          "sourcePort": 63263,
                          "logonProcess": "Kerberos",
                          "authenticationPackage": "Kerberos",
                          "Title": "Login (Network)",
                          "tag": ""
                    },
                    {
                          "_t": [
                                "ActiveDirectoryModelBase",
                                "Event4624Model"
                          ],
                          "agentDevice": "WindowsLog",
                          "agentLogFile": "Security",
                          "pluginVersion": "7.2.9.105",
                          "source": "Microsoft-Windows-Security-Auditing",
                          "computerName": "QDS7.stella.local",
                          "originatingComputer": "10.0.5.87",
                          "eventID": 4624,
                          "eventCategory": 12544,
                          "recordNumber": 3473611,
                          "level": "Log Always",
                          "task": "SE_ADT_LOGON_LOGON",
                          "opCode": "Info",
                          "message": "An account was successfully logged on.",
                          "sourceip": "10.0.4.10",
                          "time": "11-04-2022 15:59:32",
                          "epochTime": 1667577572000,
                          "keyWords": "Audit Success",
                          "packageName": "NTLM V2",
                          "newLogonID": "0xDFC653",
                          "logsourceTime": 1636099210,
                          "subjectLogonID": "0x0",
                          "subjectLogonType": "3",
                          "subjectSecurityID": "NULL SID",
                          "newLogonSecurityID": "STELLA\\client11",
                          "newLogonAccountName": "client11",
                          "newLogonAccountDomain": "STELLA",
                          "linkedLogonID": "0x0",
                          "logonGUID": "{00000000-0000-0000-0000-000000000000}",
                          "processID": "0x0",
                          "workstationName": "L3-DC10",
                          "sourceNetworkAddress": "10.0.4.10",
                          "sourcePort": 63262,
                          "logonProcess": "NtLmSsp",
                          "authenticationPackage": "NTLM",
                          "Title": "Login (Network)",
                          "tag": ""
                    },
                    {
                          "_t": [
                                "ActiveDirectoryModelBase",
                                "Event4624Model"
                          ],
                          "agentDevice": "WindowsLog",
                          "agentLogFile": "Security",
                          "pluginVersion": "7.2.9.105",
                          "source": "Microsoft-Windows-Security-Auditing",
                          "computerName": "QDS7.stella.local",
                          "originatingComputer": "10.0.5.87",
                          "eventID": 4624,
                          "eventCategory": 12544,
                          "recordNumber": 3473627,
                          "level": "Log Always",
                          "task": "SE_ADT_LOGON_LOGON",
                          "opCode": "Info",
                          "message": "An account was successfully logged on.",
                          "sourceip": "10.0.4.10",
                          "time": "11-04-2022 15:59:32",
                          "epochTime": 1667577572000,
                          "keyWords": "Audit Success",
                          "newLogonID": "0xDFF6AA",
                          "logsourceTime": 1636099212,
                          "subjectLogonID": "0x0",
                          "subjectLogonType": "3",
                          "subjectSecurityID": "NULL SID",
                          "newLogonSecurityID": "STELLA\\client11",
                          "newLogonAccountName": "client11",
                          "newLogonAccountDomain": "STELLA.LOCAL",
                          "linkedLogonID": "0x0",
                          "logonGUID": "{B0723E28-B139-9FA1-3CDD-3B2B1055DDF2}",
                          "processID": "0x0",
                          "sourceNetworkAddress": "10.0.4.10",
                          "sourcePort": 63262,
                          "logonProcess": "Kerberos",
                          "authenticationPackage": "Kerberos",
                          "Title": "Login (Network)",
                          "tag": ""
                    }
              ]
        },
        {
              "id": "22-2-Login (Interactive)",
              "type": "edge",
              "source": "22",
              "target": "2",
              "date": [
                    1667576865,
                    1667576865,
                    1667577497,
                    1667577497
              ],
              "label": "Login (Interactive)",
              "g": null,
              "ttp": false,
              "inRange": true,
              "visible": true,
              "frequency": 4,
              "merged_edges": {
                    "ids": [
                          "60",
                          "435",
                          "24",
                          "399"
                    ],
                    "score_ttp": [
                          "0"
                    ]
              },
              "properties": [
                    {
                          "_t": [
                                "WindowsModelBase",
                                "Event4624Model"
                          ],
                          "eventID": 4624,
                          "computerName": "QDS7.stella.local",
                          "recordNumber": 3471131,
                          "time": "11-04-2022 15:47:45",
                          "epochTime": 1667576865000,
                          "agentDevice": "WindowsLog",
                          "agentLogFile": "Security",
                          "eventCategory": 12544,
                          "keyWords": "Audit Success",
                          "level": "Log Always",
                          "message": "An account was successfully logged on.",
                          "opCode": "Info",
                          "originatingComputer": "10.0.5.87",
                          "pluginVersion": "7.2.9.105",
                          "source": "Microsoft-Windows-Security-Auditing",
                          "task": "SE_ADT_LOGON_LOGON",
                          "newLogonID": "0xB5644B",
                          "logsourceTime": 1636098506,
                          "subjectLogonID": "0x3E7",
                          "subjectLogonType": "2",
                          "subjectSecurityID": "NT AUTHORITY\\SYSTEM",
                          "subjectAccountName": "QDS7$",
                          "subjectAccountDomain": "STELLA",
                          "newLogonSecurityID": "STELLA\\client5",
                          "newLogonAccountName": "client5",
                          "newLogonAccountDomain": "STELLA",
                          "linkedLogonID": "0x0",
                          "logonGUID": "{4EFFF0E1-E5C3-9823-A711-C8D19BBF79CB}",
                          "processID": "0x398",
                          "workstationName": "QDS7",
                          "sourceNetworkAddress": "127.0.0.1",
                          "sourcePort": 0,
                          "logonProcess": "User32",
                          "authenticationPackage": "Negotiate",
                          "Title": "Login (Interactive)",
                          "tag": ""
                    },
                    {
                          "_t": [
                                "ActiveDirectoryModelBase",
                                "Event4624Model"
                          ],
                          "agentDevice": "WindowsLog",
                          "agentLogFile": "Security",
                          "pluginVersion": "7.2.9.105",
                          "source": "Microsoft-Windows-Security-Auditing",
                          "computerName": "QDS7.stella.local",
                          "originatingComputer": "10.0.5.87",
                          "eventID": 4624,
                          "eventCategory": 12544,
                          "recordNumber": 3471131,
                          "level": "Log Always",
                          "task": "SE_ADT_LOGON_LOGON",
                          "opCode": "Info",
                          "message": "An account was successfully logged on.",
                          "sourceip": "127.0.0.1",
                          "time": "11-04-2022 15:47:45",
                          "epochTime": 1667576865000,
                          "keyWords": "Audit Success",
                          "newLogonID": "0xB5644B",
                          "logsourceTime": 1636098506,
                          "subjectLogonID": "0x3E7",
                          "subjectLogonType": "2",
                          "subjectSecurityID": "NT AUTHORITY\\SYSTEM",
                          "subjectAccountName": "QDS7$",
                          "subjectAccountDomain": "STELLA",
                          "newLogonSecurityID": "STELLA\\client5",
                          "newLogonAccountName": "client5",
                          "newLogonAccountDomain": "STELLA",
                          "linkedLogonID": "0x0",
                          "logonGUID": "{4EFFF0E1-E5C3-9823-A711-C8D19BBF79CB}",
                          "processID": "0x398",
                          "workstationName": "QDS7",
                          "sourceNetworkAddress": "127.0.0.1",
                          "logonProcess": "User32",
                          "authenticationPackage": "Negotiate",
                          "Title": "Login (Interactive)",
                          "tag": ""
                    },
                    {
                          "_t": [
                                "WindowsModelBase",
                                "Event4624Model"
                          ],
                          "eventID": 4624,
                          "computerName": "QDS7.stella.local",
                          "recordNumber": 3473402,
                          "time": "11-04-2022 15:58:17",
                          "epochTime": 1667577497000,
                          "agentDevice": "WindowsLog",
                          "agentLogFile": "Security",
                          "eventCategory": 12544,
                          "keyWords": "Audit Success",
                          "level": "Log Always",
                          "message": "An account was successfully logged on.",
                          "opCode": "Info",
                          "originatingComputer": "10.0.5.87",
                          "pluginVersion": "7.2.9.105",
                          "source": "Microsoft-Windows-Security-Auditing",
                          "task": "SE_ADT_LOGON_LOGON",
                          "newLogonID": "0xDF7841",
                          "logsourceTime": 1636099138,
                          "subjectLogonID": "0x3E7",
                          "subjectLogonType": "2",
                          "subjectSecurityID": "NT AUTHORITY\\SYSTEM",
                          "subjectAccountName": "QDS7$",
                          "subjectAccountDomain": "STELLA",
                          "newLogonSecurityID": "STELLA\\client5",
                          "newLogonAccountName": "client5",
                          "newLogonAccountDomain": "STELLA",
                          "linkedLogonID": "0x0",
                          "logonGUID": "{0A109F1E-B0F9-4E43-E2FC-9C13F562F606}",
                          "processID": "0x398",
                          "workstationName": "QDS7",
                          "sourceNetworkAddress": "127.0.0.1",
                          "sourcePort": 0,
                          "logonProcess": "User32",
                          "authenticationPackage": "Negotiate",
                          "Title": "Login (Interactive)",
                          "tag": ""
                    },
