                    {
                          "_t": [
                                "WindowsModelBase",
                                "Event4624Model"
                          ],
                          "eventID": 4624,
                          "computerName": "QDS7.stella.local",
                          "recordNumber": 3470877,
                          "time": "11-04-2022 15:46:42",
                          "epochTime": 1667576802000,
                          "agentDevice": "WindowsLog",
                          "agentLogFile": "Security",
                          "eventCategory": 12544,
                          "keyWords": "Audit Success",
                          "level": "Log Always",
                          "message": "An account was successfully logged on.",
                          "opCode": "Info",
                          "originatingComputer": "10.0.5.87",
                          "pluginVersion": "7.2.9.105",
                          "source": "Microsoft-Windows-Security-Auditing",
                          "task": "SE_ADT_LOGON_LOGON",
                          "newLogonID": "0xB44510",
                          "logsourceTime": 1636098433,
                          "subjectLogonID": "0x3E7",
                          "subjectLogonType": "7",
                          "subjectSecurityID": "NT AUTHORITY\\SYSTEM",
                          "subjectAccountName": "QDS7$",
                          "subjectAccountDomain": "STELLA",
                          "newLogonSecurityID": "STELLA\\dennis.r",
                          "newLogonAccountName": "dennis.r",
                          "newLogonAccountDomain": "STELLA",
                          "linkedLogonID": "0xB4449E",
                          "logonGUID": "{00000000-0000-0000-0000-000000000000}",
                          "processID": "0x230",
                          "workstationName": "QDS7",
                          "sourcePort": null,
                          "logonProcess": "Negotiat",
                          "authenticationPackage": "Negotiate",
                          "Title": "Login (Unlock)",
                          "tag": ""
                    },
                    {
                          "_t": [
                                "WindowsModelBase",
                                "Event4624Model"
                          ],
                          "eventID": 4624,
                          "computerName": "QDS7.stella.local",
                          "recordNumber": 3470876,
                          "time": "11-04-2022 15:46:42",
                          "epochTime": 1667576802000,
                          "agentDevice": "WindowsLog",
                          "agentLogFile": "Security",
                          "eventCategory": 12544,
                          "keyWords": "Audit Success",
                          "level": "Log Always",
                          "message": "An account was successfully logged on.",
                          "opCode": "Info",
                          "originatingComputer": "10.0.5.87",
                          "pluginVersion": "7.2.9.105",
                          "source": "Microsoft-Windows-Security-Auditing",
                          "task": "SE_ADT_LOGON_LOGON",
                          "newLogonID": "0xB4449E",
                          "logsourceTime": 1636098433,
                          "subjectLogonID": "0x3E7",
                          "subjectLogonType": "7",
                          "subjectSecurityID": "NT AUTHORITY\\SYSTEM",
                          "subjectAccountName": "QDS7$",
                          "subjectAccountDomain": "STELLA",
                          "newLogonSecurityID": "STELLA\\dennis.r",
                          "newLogonAccountName": "dennis.r",
                          "newLogonAccountDomain": "STELLA",
                          "linkedLogonID": "0xB44510",
                          "logonGUID": "{93518930-D83F-BB16-7457-71BC65C5EC8E}",
                          "processID": "0x230",
                          "workstationName": "QDS7",
                          "sourcePort": null,
                          "logonProcess": "Negotiat",
                          "authenticationPackage": "Negotiate",
                          "Title": "Login (Unlock)",
                          "tag": ""
                    },
                    {
                          "_t": [
                                "ActiveDirectoryModelBase",
                                "Event4624Model"
                          ],
                          "agentDevice": "WindowsLog",
                          "agentLogFile": "Security",
                          "pluginVersion": "7.2.9.105",
                          "source": "Microsoft-Windows-Security-Auditing",
                          "computerName": "QDS7.stella.local",
                          "originatingComputer": "10.0.5.87",
                          "eventID": 4624,
                          "eventCategory": 12544,
                          "recordNumber": 3470877,
                          "level": "Log Always",
                          "task": "SE_ADT_LOGON_LOGON",
                          "opCode": "Info",
                          "message": "An account was successfully logged on.",
                          "sourceip": "10.0.5.87",
                          "time": "11-04-2022 15:46:42",
                          "epochTime": 1667576802000,
                          "keyWords": "Audit Success",
                          "newLogonID": "0xB44510",
                          "logsourceTime": 1636098433,
                          "subjectLogonID": "0x3E7",
                          "subjectLogonType": "7",
                          "subjectSecurityID": "NT AUTHORITY\\SYSTEM",
                          "subjectAccountName": "QDS7$",
                          "subjectAccountDomain": "STELLA",
                          "newLogonSecurityID": "STELLA\\dennis.r",
                          "newLogonAccountName": "dennis.r",
                          "newLogonAccountDomain": "STELLA",
                          "linkedLogonID": "0xB4449E",
                          "logonGUID": "{00000000-0000-0000-0000-000000000000}",
                          "processID": "0x230",
                          "workstationName": "QDS7",
                          "logonProcess": "Negotiat",
                          "authenticationPackage": "Negotiate",
                          "Title": "Login (Unlock)",
                          "tag": ""
                    },
                    {
                          "_t": [
                                "ActiveDirectoryModelBase",
                                "Event4624Model"
                          ],
                          "agentDevice": "WindowsLog",
                          "agentLogFile": "Security",
                          "pluginVersion": "7.2.9.105",
                          "source": "Microsoft-Windows-Security-Auditing",
                          "computerName": "QDS7.stella.local",
                          "originatingComputer": "10.0.5.87",
                          "eventID": 4624,
                          "eventCategory": 12544,
                          "recordNumber": 3470876,
                          "level": "Log Always",
                          "task": "SE_ADT_LOGON_LOGON",
                          "opCode": "Info",
                          "message": "An account was successfully logged on.",
                          "sourceip": "10.0.5.87",
                          "time": "11-04-2022 15:46:42",
                          "epochTime": 1667576802000,
                          "keyWords": "Audit Success",
                          "newLogonID": "0xB4449E",
                          "logsourceTime": 1636098433,
                          "subjectLogonID": "0x3E7",
                          "subjectLogonType": "7",
                          "subjectSecurityID": "NT AUTHORITY\\SYSTEM",
                          "subjectAccountName": "QDS7$",
                          "subjectAccountDomain": "STELLA",
                          "newLogonSecurityID": "STELLA\\dennis.r",
                          "newLogonAccountName": "dennis.r",
                          "newLogonAccountDomain": "STELLA",
                          "linkedLogonID": "0xB44510",
                          "logonGUID": "{93518930-D83F-BB16-7457-71BC65C5EC8E}",
                          "processID": "0x230",
                          "workstationName": "QDS7",
                          "logonProcess": "Negotiat",
                          "authenticationPackage": "Negotiate",
                          "Title": "Login (Unlock)",
                          "tag": ""
                    }
              ]
        },
        {
              "id": "25-2-Login Failure",
              "type": "edge",
              "source": "25",
              "target": "2",
              "date": [
                    1667575773,
                    1667575783
              ],
              "label": "Login Failure",
              "g": null,
              "ttp": false,
              "inRange": true,
              "visible": true,
              "frequency": 2,
              "merged_edges": {
                    "ids": [
                          "561",
                          "564"
                    ],
                    "score_ttp": [
                          "0"
                    ]
              },
              "properties": [
                    {
                          "_t": [
                                "ActiveDirectoryModelBase",
                                "Event4625Model"
                          ],
                          "agentDevice": "WindowsLog",
                          "agentLogFile": "Security",
                          "pluginVersion": "7.2.9.105",
                          "source": "Microsoft-Windows-Security-Auditing",
                          "computerName": "QDS7.stella.local",
                          "originatingComputer": "10.0.5.87",
                          "eventID": 4625,
                          "eventType": 16,
                          "eventCategory": 12544,
                          "recordNumber": 3468772,
                          "level": "Log Always",
                          "task": "SE_ADT_LOGON_LOGON",
                          "opCode": "Info",
                          "message": "An account failed to log on.",
                          "sourceip": "127.0.0.1",
                          "time": "11-04-2022 15:29:33",
                          "epochTime": 1667575773000,
                          "keyWords": "Audit Failure",
                          "workStationName": "QDS7",
                          "logsourceTime": 1636097412,
                          "subjectLogonID": "0x3E7",
                          "failedLogonID": "NULL SID",
                          "failedAccountName": "dennis.r",
                          "failedAccountDomain": "STELLA",
                          "subjectSecurityID": "NT AUTHORITY\\SYSTEM",
                          "subjectAccountName": "QDS7$",
                          "subjectAccountDomain": "STELLA",
                          "subjectLogonType": "2",
                          "failureReason": "Unknown user name or bad password.",
                          "status": "0xC000006D",
                          "subStatus": "0xC000006A",
                          "callerProcessID": "0x398",
                          "sourceNetworkAddress": "127.0.0.1",
                          "logonProcess": "User32",
                          "authenticationPackage": "Negotiate",
                          "Title": "Login Failure",
                          "tag": ""
                    },
                    {
                          "_t": [
                                "ActiveDirectoryModelBase",
                                "Event4625Model"
                          ],
                          "agentDevice": "WindowsLog",
                          "agentLogFile": "Security",
                          "pluginVersion": "7.2.9.105",
                          "source": "Microsoft-Windows-Security-Auditing",
                          "computerName": "QDS7.stella.local",
                          "originatingComputer": "10.0.5.87",
                          "eventID": 4625,
                          "eventType": 16,
                          "eventCategory": 12544,
                          "recordNumber": 3468777,
                          "level": "Log Always",
                          "task": "SE_ADT_LOGON_LOGON",
                          "opCode": "Info",
                          "message": "An account failed to log on.",
                          "sourceip": "127.0.0.1",
                          "time": "11-04-2022 15:29:43",
                          "epochTime": 1667575783000,
                          "keyWords": "Audit Failure",
                          "workStationName": "QDS7",
                          "logsourceTime": 1636097418,
                          "subjectLogonID": "0x3E7",
                          "failedLogonID": "NULL SID",
                          "failedAccountName": "dennis.r",
                          "failedAccountDomain": "STELLA",
                          "subjectSecurityID": "NT AUTHORITY\\SYSTEM",
                          "subjectAccountName": "QDS7$",
                          "subjectAccountDomain": "STELLA",
                          "subjectLogonType": "2",
                          "failureReason": "Unknown user name or bad password.",
                          "status": "0xC000006D",
                          "subStatus": "0xC000006A",
                          "callerProcessID": "0x398",
                          "sourceNetworkAddress": "127.0.0.1",
                          "logonProcess": "User32",
                          "authenticationPackage": "Negotiate",
                          "Title": "Login Failure",
                          "tag": ""
                    }
              ]
        },
        {
              "id": "52-2-Login (Interactive)",
              "type": "edge",
              "source": "52",
              "target": "2",
              "date": [
                    1667576855,
                    1667576855,
                    1667576855,
                    1667576855
              ],
              "label": "Login (Interactive)",
              "g": null,
              "ttp": false,
              "inRange": true,
              "visible": true,
              "frequency": 4,
              "merged_edges": {
                    "ids": [
                          "54",
                          "57",
                          "429",
                          "432"
                    ],
                    "score_ttp": [
                          "0"
                    ]
              },
              "properties": [
                    {
                          "_t": [
                                "WindowsModelBase",
                                "Event4624Model"
                          ],
                          "eventID": 4624,
                          "computerName": "QDS7.stella.local",
                          "recordNumber": 3471076,
                          "time": "11-04-2022 15:47:35",
                          "epochTime": 1667576855000,
                          "agentDevice": "WindowsLog",
                          "agentLogFile": "Security",
                          "eventCategory": 12544,
                          "keyWords": "Audit Success",
                          "level": "Log Always",
                          "message": "An account was successfully logged on.",
                          "opCode": "Info",
                          "originatingComputer": "10.0.5.87",
                          "pluginVersion": "7.2.9.105",
                          "source": "Microsoft-Windows-Security-Auditing",
                          "task": "SE_ADT_LOGON_LOGON",
                          "newLogonID": "0xB5366C",
                          "logsourceTime": 1636098486,
                          "subjectLogonID": "0x3E7",
                          "subjectLogonType": "2",
                          "subjectSecurityID": "NT AUTHORITY\\SYSTEM",
                          "subjectAccountName": "QDS7$",
                          "subjectAccountDomain": "STELLA",
                          "newLogonSecurityID": "Window Manager\\DWM-1",
                          "newLogonAccountName": "DWM-1",
                          "newLogonAccountDomain": "Window Manager",
                          "linkedLogonID": "0xB53657",
                          "logonGUID": "{00000000-0000-0000-0000-000000000000}",
                          "processID": "0x3e4",
                          "sourcePort": null,
                          "logonProcess": "Advapi",
                          "authenticationPackage": "Negotiate",
                          "Title": "Login (Interactive)",
                          "tag": ""
                    },
                    {
                          "_t": [
                                "WindowsModelBase",
                                "Event4624Model"
                          ],
                          "eventID": 4624,
                          "computerName": "QDS7.stella.local",
                          "recordNumber": 3471075,
                          "time": "11-04-2022 15:47:35",
                          "epochTime": 1667576855000,
                          "agentDevice": "WindowsLog",
                          "agentLogFile": "Security",
                          "eventCategory": 12544,
                          "keyWords": "Audit Success",
                          "level": "Log Always",
                          "message": "An account was successfully logged on.",
                          "opCode": "Info",
                          "originatingComputer": "10.0.5.87",
                          "pluginVersion": "7.2.9.105",
                          "source": "Microsoft-Windows-Security-Auditing",
                          "task": "SE_ADT_LOGON_LOGON",
                          "newLogonID": "0xB53657",
                          "logsourceTime": 1636098486,
                          "subjectLogonID": "0x3E7",
                          "subjectLogonType": "2",
                          "subjectSecurityID": "NT AUTHORITY\\SYSTEM",
                          "subjectAccountName": "QDS7$",
                          "subjectAccountDomain": "STELLA",
                          "newLogonSecurityID": "Window Manager\\DWM-1",
                          "newLogonAccountName": "DWM-1",
                          "newLogonAccountDomain": "Window Manager",
                          "linkedLogonID": "0xB5366C",
                          "logonGUID": "{00000000-0000-0000-0000-000000000000}",
                          "processID": "0x3e4",
                          "sourcePort": null,
                          "logonProcess": "Advapi",
                          "authenticationPackage": "Negotiate",
                          "Title": "Login (Interactive)",
                          "tag": ""
                    },
                    {
                          "_t": [
                                "ActiveDirectoryModelBase",
                                "Event4624Model"
                          ],
                          "agentDevice": "WindowsLog",
                          "agentLogFile": "Security",
                          "pluginVersion": "7.2.9.105",
                          "source": "Microsoft-Windows-Security-Auditing",
                          "computerName": "QDS7.stella.local",
                          "originatingComputer": "10.0.5.87",
                          "eventID": 4624,
                          "eventCategory": 12544,
                          "recordNumber": 3471076,
                          "level": "Log Always",
                          "task": "SE_ADT_LOGON_LOGON",
                          "opCode": "Info",
                          "message": "An account was successfully logged on.",
                          "sourceip": "10.0.5.87",
                          "time": "11-04-2022 15:47:35",
                          "epochTime": 1667576855000,
                          "keyWords": "Audit Success",
                          "newLogonID": "0xB5366C",
                          "logsourceTime": 1636098486,
                          "subjectLogonID": "0x3E7",
                          "subjectLogonType": "2",
                          "subjectSecurityID": "NT AUTHORITY\\SYSTEM",
                          "subjectAccountName": "QDS7$",
                          "subjectAccountDomain": "STELLA",
                          "newLogonSecurityID": "Window Manager\\DWM-1",
                          "newLogonAccountName": "DWM-1",
                          "newLogonAccountDomain": "Window Manager",
                          "linkedLogonID": "0xB53657",
                          "logonGUID": "{00000000-0000-0000-0000-000000000000}",
                          "processID": "0x3e4",
                          "logonProcess": "Advapi",
                          "authenticationPackage": "Negotiate",
                          "Title": "Login (Interactive)",
                          "tag": ""
                    },
                    {
                          "_t": [
                                "ActiveDirectoryModelBase",
                                "Event4624Model"
                          ],
                          "agentDevice": "WindowsLog",
                          "agentLogFile": "Security",
                          "pluginVersion": "7.2.9.105",
                          "source": "Microsoft-Windows-Security-Auditing",
                          "computerName": "QDS7.stella.local",
                          "originatingComputer": "10.0.5.87",
                          "eventID": 4624,
                          "eventCategory": 12544,
                          "recordNumber": 3471075,
                          "level": "Log Always",
                          "task": "SE_ADT_LOGON_LOGON",
                          "opCode": "Info",
                          "message": "An account was successfully logged on.",
                          "sourceip": "10.0.5.87",
                          "time": "11-04-2022 15:47:35",
                          "epochTime": 1667576855000,
                          "keyWords": "Audit Success",
                          "newLogonID": "0xB53657",
                          "logsourceTime": 1636098486,
                          "subjectLogonID": "0x3E7",
                          "subjectLogonType": "2",
                          "subjectSecurityID": "NT AUTHORITY\\SYSTEM",
                          "subjectAccountName": "QDS7$",
                          "subjectAccountDomain": "STELLA",
                          "newLogonSecurityID": "Window Manager\\DWM-1",
                          "newLogonAccountName": "DWM-1",
                          "newLogonAccountDomain": "Window Manager",
                          "linkedLogonID": "0xB5366C",
                          "logonGUID": "{00000000-0000-0000-0000-000000000000}",
                          "processID": "0x3e4",
                          "logonProcess": "Advapi",
                          "authenticationPackage": "Negotiate",
                          "Title": "Login (Interactive)",
                          "tag": ""
                    }
              ]
        },
        {
              "id": "184-184-Create Process",
              "type": "edge",
              "source": "184",
              "target": "184",
              "date": [
                    1667576394,
                    1667576802,
                    1667577507,
                    1667577655
              ],
              "label": "Create Process",
              "g": null,
              "ttp": false,
              "inRange": true,
              "visible": true,
              "frequency": 4,
              "merged_edges": {
                    "ids": [
                          "201",
                          "192",
                          "186",
                          "213"
                    ],
                    "score_ttp": [
                          "0"
                    ]
              },
              "properties": [
                    {
                          "_t": [
                                "WindowsModelBase",
                                "Event4688Model"
                          ],
                          "eventID": 4688,
                          "computerName": "QDS7.stella.local",
                          "recordNumber": 3469882,
                          "time": "11-04-2022 15:39:54",
                          "accountDomain": "STELLA",
                          "logsourceTime": 1636098029,
                          "newProcessName": "C:\\Users\\dennis.r\\AppData\\Local\\Temp\\charlie10.exe",
                          "creatorProcessName": "C:\\Users\\dennis.r\\AppData\\Local\\Temp\\charlie10.exe",
                          "accountName": "dennis.r",
                          "processCommandLine": "charlie10.exe",
                          "originatingComputer": "10.0.5.87",
                          "Title": "Create Process",
                          "tag": ""
                    },
                    {
                          "_t": [
                                "WindowsModelBase",
                                "Event4688Model"
                          ],
                          "eventID": 4688,
                          "computerName": "QDS7.stella.local",
                          "recordNumber": 3470904,
                          "time": "11-04-2022 15:46:42",
                          "accountDomain": "STELLA",
                          "logsourceTime": 1636098438,
                          "newProcessName": "C:\\Users\\dennis.r\\AppData\\Local\\Temp\\charlie10.exe",
                          "creatorProcessName": "C:\\Users\\dennis.r\\AppData\\Local\\Temp\\charlie10.exe",
                          "accountName": "dennis.r",
                          "processCommandLine": "charlie10.exe",
                          "originatingComputer": "10.0.5.87",
                          "Title": "Create Process",
                          "tag": ""
                    },
                    {
                          "_t": [
                                "WindowsModelBase",
                                "Event4688Model"
                          ],
                          "eventID": 4688,
                          "computerName": "QDS7.stella.local",
                          "recordNumber": 3473427,
                          "time": "11-04-2022 15:58:27",
                          "accountDomain": "STELLA",
                          "logsourceTime": 1636099144,
                          "newProcessName": "C:\\Users\\dennis.r\\AppData\\Local\\Temp\\charlie10.exe",
                          "creatorProcessName": "C:\\Users\\dennis.r\\AppData\\Local\\Temp\\charlie10.exe",
                          "accountName": "dennis.r",
                          "processCommandLine": "charlie10.exe",
                          "originatingComputer": "10.0.5.87",
                          "Title": "Create Process",
                          "tag": ""
                    },
                    {
                          "_t": [
                                "WindowsModelBase",
                                "Event4688Model"
                          ],
                          "eventID": 4688,
                          "computerName": "QDS7.stella.local",
                          "recordNumber": 3473858,
                          "time": "11-04-2022 16:00:55",
                          "accountDomain": "STELLA",
                          "logsourceTime": 1636099293,
                          "newProcessName": "C:\\Users\\dennis.r\\AppData\\Local\\Temp\\charlie10.exe",
                          "creatorProcessName": "C:\\Users\\dennis.r\\AppData\\Local\\Temp\\charlie10.exe",
                          "accountName": "dennis.r",
                          "processCommandLine": "charlie10.exe",
                          "originatingComputer": "10.0.5.87",
                          "Title": "Create Process",
                          "tag": ""
                    }
              ]
        },
        {
              "id": "184-184-Process Terminated",
              "type": "edge",
              "source": "184",
              "target": "184",
              "date": [
                    1667576394,
                    1667576394,
                    1667576802,
                    1667576802,
                    1667577507,
                    1667577507,
                    1667577665,
                    1667577665
              ],
              "label": "Process Terminated",
              "g": null,
              "ttp": false,
              "inRange": true,
              "visible": true,
              "frequency": 8,
              "merged_edges": {
                    "ids": [
                          "360",
                          "363",
                          "354",
                          "357",
                          "348",
                          "351",
                          "372",
                          "375"
                    ],
                    "score_ttp": [
                          "0"
                    ]
              },
              "properties": [
                    {
                          "_t": [
                                "WindowsModelBase",
                                "Event4689Model"
                          ],
                          "eventID": 4689,
                          "computerName": "QDS7.stella.local",
                          "recordNumber": 3469894,
                          "time": "11-04-2022 15:39:54",
                          "epochTime": 1667576394000,
                          "accountDomain": "STELLA",
                          "accountName": "dennis.r",
                          "exitStatus": "0x0",
                          "logonID": "0xE9A42",
                          "originatingComputer": "10.0.5.87",
                          "securityID": "STELLA\\dennis.r",
                          "logsourceTime": 1636098035,
                          "processName": "C:\\Users\\dennis.r\\AppData\\Local\\Temp\\charlie10.exe",
                          "processID": "0xa3c",
                          "Title": "Process Terminated",
                          "tag": ""
                    },
                    {
                          "_t": [
                                "WindowsModelBase",
                                "Event4689Model"
                          ],
                          "eventID": 4689,
                          "computerName": "QDS7.stella.local",
                          "recordNumber": 3469895,
                          "time": "11-04-2022 15:39:54",
                          "epochTime": 1667576394000,
                          "accountDomain": "STELLA",
                          "accountName": "dennis.r",
                          "exitStatus": "0x0",
                          "logonID": "0xE9A42",
                          "originatingComputer": "10.0.5.87",
                          "securityID": "STELLA\\dennis.r",
                          "logsourceTime": 1636098035,
                          "processName": "C:\\Users\\dennis.r\\AppData\\Local\\Temp\\charlie10.exe",
                          "processID": "0xfa4",
                          "Title": "Process Terminated",
                          "tag": ""
                    },
                    {
                          "_t": [
                                "WindowsModelBase",
                                "Event4689Model"
                          ],
                          "eventID": 4689,
                          "computerName": "QDS7.stella.local",
                          "recordNumber": 3470935,
                          "time": "11-04-2022 15:46:42",
                          "epochTime": 1667576802000,
                          "accountDomain": "STELLA",
                          "accountName": "dennis.r",
                          "exitStatus": "0x0",
                          "logonID": "0xE9A42",
                          "originatingComputer": "10.0.5.87",
                          "securityID": "STELLA\\dennis.r",
                          "logsourceTime": 1636098441,
                          "processName": "C:\\Users\\dennis.r\\AppData\\Local\\Temp\\charlie10.exe",
                          "processID": "0x294",
                          "Title": "Process Terminated",
                          "tag": ""
                    },
                    {
                          "_t": [
                                "WindowsModelBase",
                                "Event4689Model"
                          ],
                          "eventID": 4689,
                          "computerName": "QDS7.stella.local",
                          "recordNumber": 3470934,
                          "time": "11-04-2022 15:46:42",
                          "epochTime": 1667576802000,
                          "accountDomain": "STELLA",
                          "accountName": "dennis.r",
                          "exitStatus": "0x0",
                          "logonID": "0xE9A42",
                          "originatingComputer": "10.0.5.87",
                          "securityID": "STELLA\\dennis.r",
                          "logsourceTime": 1636098441,
                          "processName": "C:\\Users\\dennis.r\\AppData\\Local\\Temp\\charlie10.exe",
                          "processID": "0xd18",
                          "Title": "Process Terminated",
                          "tag": ""
                    },
                    {
                          "_t": [
                                "WindowsModelBase",
                                "Event4689Model"
                          ],
                          "eventID": 4689,
                          "computerName": "QDS7.stella.local",
                          "recordNumber": 3473444,
                          "time": "11-04-2022 15:58:27",
                          "epochTime": 1667577507000,
                          "accountDomain": "STELLA",
                          "accountName": "dennis.r",
                          "exitStatus": "0x0",
                          "logonID": "0xE9A42",
                          "originatingComputer": "10.0.5.87",
                          "securityID": "STELLA\\dennis.r",
                          "logsourceTime": 1636099146,
                          "processName": "C:\\Users\\dennis.r\\AppData\\Local\\Temp\\charlie10.exe",
                          "processID": "0x8c0",
                          "Title": "Process Terminated",
                          "tag": ""
                    },
                    {
                          "_t": [
                                "WindowsModelBase",
                                "Event4689Model"
                          ],
                          "eventID": 4689,
                          "computerName": "QDS7.stella.local",
                          "recordNumber": 3473443,
                          "time": "11-04-2022 15:58:27",
                          "epochTime": 1667577507000,
                          "accountDomain": "STELLA",
                          "accountName": "dennis.r",
                          "exitStatus": "0x0",
                          "logonID": "0xE9A42",
                          "originatingComputer": "10.0.5.87",
                          "securityID": "STELLA\\dennis.r",
                          "logsourceTime": 1636099146,
                          "processName": "C:\\Users\\dennis.r\\AppData\\Local\\Temp\\charlie10.exe",
                          "processID": "0x19ac",
                          "Title": "Process Terminated",
                          "tag": ""
                    },
                    {
                          "_t": [
                                "WindowsModelBase",
                                "Event4689Model"
                          ],
                          "eventID": 4689,
                          "computerName": "QDS7.stella.local",
                          "recordNumber": 3473888,
                          "time": "11-04-2022 16:01:05",
                          "epochTime": 1667577665000,
                          "accountDomain": "STELLA",
                          "accountName": "dennis.r",
                          "exitStatus": "0x0",
                          "logonID": "0xE9A42",
                          "originatingComputer": "10.0.5.87",
                          "securityID": "STELLA\\dennis.r",
                          "logsourceTime": 1636099296,
                          "processName": "C:\\Users\\dennis.r\\AppData\\Local\\Temp\\charlie10.exe",
                          "processID": "0x188c",
                          "Title": "Process Terminated",
                          "tag": ""
                    },
                    {
                          "_t": [
                                "WindowsModelBase",
                                "Event4689Model"
                          ],
                          "eventID": 4689,
                          "computerName": "QDS7.stella.local",
                          "recordNumber": 3473889,
                          "time": "11-04-2022 16:01:05",
                          "epochTime": 1667577665000,
                          "accountDomain": "STELLA",
                          "accountName": "dennis.r",
                          "exitStatus": "0x0",
                          "logonID": "0xE9A42",
                          "originatingComputer": "10.0.5.87",
                          "securityID": "STELLA\\dennis.r",
                          "logsourceTime": 1636099297,
                          "processName": "C:\\Users\\dennis.r\\AppData\\Local\\Temp\\charlie10.exe",
                          "processID": "0xe54",
                          "Title": "Process Terminated",
                          "tag": ""
                    }
              ]
        },
        {
              "id": "184-215-Read File",
              "type": "edge",
              "source": "184",
              "target": "215",
              "date": [
                    1667576802,
                    1667577507,
                    1667577655
              ],
              "label": "Read File",
              "g": null,
              "ttp": false,
              "inRange": true,
              "visible": true,
              "frequency": 3,
              "merged_edges": {
                    "ids": [
                          "222",
                          "216",
                          "345"
                    ],
                    "score_ttp": [
                          "0"
                    ]
              },
              "properties": [
                    {
                          "_t": [
                                "WindowsModelBase",
                                "Event4663Model"
                          ],
                          "eventID": 4663,
                          "computerName": "QDS7.stella.local",
                          "recordNumber": 3470907,
                          "time": "11-04-2022 15:46:42",
                          "logsourceTime": 1636098441,
                          "accesses": "ReadData (or ListDirectory)",
                          "accountName": "dennis.r",
                          "accountDomain": "STELLA",
                          "objectType": "File",
                          "originatingComputer": "10.0.5.87",
                          "objectName": "C:\\Users\\dennis.r\\Downloads",
                          "processName": "C:\\Users\\dennis.r\\AppData\\Local\\Temp\\charlie10.exe",
                          "Title": "Read File",
                          "tag": ""
                    },
                    {
                          "_t": [
                                "WindowsModelBase",
                                "Event4663Model"
                          ],
                          "eventID": 4663,
                          "computerName": "QDS7.stella.local",
                          "recordNumber": 3473432,
                          "time": "11-04-2022 15:58:27",
                          "logsourceTime": 1636099146,
                          "accesses": "ReadData (or ListDirectory)",
                          "accountName": "dennis.r",
                          "accountDomain": "STELLA",
                          "objectType": "File",
                          "originatingComputer": "10.0.5.87",
                          "objectName": "C:\\Users\\dennis.r\\Downloads",
                          "processName": "C:\\Users\\dennis.r\\AppData\\Local\\Temp\\charlie10.exe",
                          "Title": "Read File",
                          "tag": ""
                    },
                    {
                          "_t": [
                                "WindowsModelBase",
                                "Event4663Model"
                          ],
                          "eventID": 4663,
                          "computerName": "QDS7.stella.local",
                          "recordNumber": 3473877,
                          "time": "11-04-2022 16:00:55",
                          "logsourceTime": 1636099296,
                          "accesses": "ReadData (or ListDirectory)",
                          "accountName": "dennis.r",
                          "accountDomain": "STELLA",
                          "objectType": "File",
                          "originatingComputer": "10.0.5.87",
                          "objectName": "C:\\Users\\dennis.r\\Downloads",
                          "processName": "C:\\Users\\dennis.r\\AppData\\Local\\Temp\\charlie10.exe",
                          "Title": "Read File",
                          "tag": ""
                    }
              ]
        },
        {
              "id": "184-218-Read File",
              "type": "edge",
              "source": "184",
              "target": "218",
              "date": [
                    1667576802
              ],
              "label": "Read File",
              "g": null,
              "ttp": false,
              "inRange": true,
              "visible": true,
              "frequency": 1,
              "merged_edges": {
                    "ids": [
                          "219"
                    ],
                    "score_ttp": [
                          "0"
                    ]
              },
              "properties": [
                    {
                          "_t": [
                                "WindowsModelBase",
                                "Event4663Model"
                          ],
                          "eventID": 4663,
                          "computerName": "QDS7.stella.local",
                          "recordNumber": 3470920,
                          "time": "11-04-2022 15:46:42",
                          "logsourceTime": 1636098441,
                          "accesses": "ReadData (or ListDirectory)",
                          "accountName": "dennis.r",
                          "accountDomain": "STELLA",
                          "objectType": "File",
                          "originatingComputer": "10.0.5.87",
                          "objectName": "C:\\Users\\dennis.r\\Downloads\\newdata.docx",
                          "processName": "C:\\Users\\dennis.r\\AppData\\Local\\Temp\\charlie10.exe",
                          "Title": "Read File",
                          "tag": ""
                    }
              ]
        },
        {
              "id": "184-218-Delete File",
              "type": "edge",
              "source": "184",
              "target": "218",
              "date": [
                    1667576802
              ],
              "label": "Delete File",
              "g": null,
              "ttp": false,
              "inRange": true,
              "visible": true,
              "frequency": 1,
              "merged_edges": {
                    "ids": [
                          "228"
                    ],
                    "score_ttp": [
                          "0"
                    ]
              },
              "properties": [
                    {
                          "_t": [
                                "WindowsModelBase",
                                "Event4663Model"
                          ],
                          "eventID": 4663,
                          "computerName": "QDS7.stella.local",
                          "recordNumber": 3470926,
                          "time": "11-04-2022 15:46:42",
                          "logsourceTime": 1636098441,
                          "accesses": "DELETE",
                          "accountName": "dennis.r",
                          "accountDomain": "STELLA",
                          "objectType": "File",
                          "originatingComputer": "10.0.5.87",
                          "objectName": "C:\\Users\\dennis.r\\Downloads\\newdata.docx",
                          "processName": "C:\\Users\\dennis.r\\AppData\\Local\\Temp\\charlie10.exe",
                          "mitre-attack": [
                                "T1107"
                          ],
                          "score_ttp": "1",
                          "Score": "1",
                          "Title": "Delete File",
                          "tag": ""
                    }
              ]
        },
        {
              "id": "184-224-Write File",
              "type": "edge",
              "source": "184",
              "target": "224",
              "date": [
                    1667576802
              ],
              "label": "Write File",
              "g": null,
              "ttp": false,
              "inRange": true,
              "visible": true,
              "frequency": 1,
              "merged_edges": {
                    "ids": [
                          "225"
                    ],
                    "score_ttp": [
                          "0"
                    ]
              },
              "properties": [
                    {
                          "_t": [
                                "WindowsModelBase",
                                "Event4663Model"
                          ],
                          "eventID": 4663,
                          "computerName": "QDS7.stella.local",
                          "recordNumber": 3470923,
                          "time": "11-04-2022 15:46:42",
                          "logsourceTime": 1636098441,
                          "accesses": "WriteData (or AddFile)     AppendData (or AddSubdirectory or CreatePipeInstance)",
                          "accountName": "dennis.r",
                          "accountDomain": "STELLA",
                          "objectType": "File",
                          "originatingComputer": "10.0.5.87",
                          "objectName": "C:\\Users\\dennis.r\\Downloads\\newdata.docx.enc",
                          "processName": "C:\\Users\\dennis.r\\AppData\\Local\\Temp\\charlie10.exe",
                          "Title": "Write File",
                          "tag": ""
                    }
              ]
        },
        {
              "id": "187-184-Create Process",
              "type": "edge",
              "source": "187",
              "target": "184",
              "date": [
                    1667576394,
                    1667576802,
                    1667577507,
                    1667577655
              ],
              "label": "Create Process",
              "g": null,
              "ttp": false,
              "inRange": true,
              "visible": true,
              "frequency": 4,
              "merged_edges": {
                    "ids": [
                          "198",
                          "195",
                          "189",
                          "210"
                    ],
                    "score_ttp": [
                          "0"
                    ]
              },
              "properties": [
                    {
                          "_t": [
                                "WindowsModelBase",
                                "Event4688Model"
                          ],
                          "eventID": 4688,
                          "computerName": "QDS7.stella.local",
                          "recordNumber": 3469878,
                          "time": "11-04-2022 15:39:54",
                          "accountDomain": "STELLA",
                          "logsourceTime": 1636098028,
                          "newProcessName": "C:\\Users\\dennis.r\\AppData\\Local\\Temp\\charlie10.exe",
                          "creatorProcessName": "C:\\Windows\\System32\\cmd.exe",
                          "accountName": "dennis.r",
                          "processCommandLine": "charlie10.exe",
                          "originatingComputer": "10.0.5.87",
                          "Title": "Create Process",
                          "tag": ""
                    },
