                    {
                          "_t": [
                                "ActiveDirectoryModelBase",
                                "Event4624Model"
                          ],
                          "agentDevice": "WindowsLog",
                          "agentLogFile": "Security",
                          "pluginVersion": "7.2.9.105",
                          "source": "Microsoft-Windows-Security-Auditing",
                          "computerName": "QDS7.stella.local",
                          "originatingComputer": "10.0.5.87",
                          "eventID": 4624,
                          "eventCategory": 12544,
                          "recordNumber": 3473402,
                          "level": "Log Always",
                          "task": "SE_ADT_LOGON_LOGON",
                          "opCode": "Info",
                          "message": "An account was successfully logged on.",
                          "sourceip": "127.0.0.1",
                          "time": "11-04-2022 15:58:17",
                          "epochTime": 1667577497000,
                          "keyWords": "Audit Success",
                          "newLogonID": "0xDF7841",
                          "logsourceTime": 1636099138,
                          "subjectLogonID": "0x3E7",
                          "subjectLogonType": "2",
                          "subjectSecurityID": "NT AUTHORITY\\SYSTEM",
                          "subjectAccountName": "QDS7$",
                          "subjectAccountDomain": "STELLA",
                          "newLogonSecurityID": "STELLA\\client5",
                          "newLogonAccountName": "client5",
                          "newLogonAccountDomain": "STELLA",
                          "linkedLogonID": "0x0",
                          "logonGUID": "{0A109F1E-B0F9-4E43-E2FC-9C13F562F606}",
                          "processID": "0x398",
                          "workstationName": "QDS7",
                          "sourceNetworkAddress": "127.0.0.1",
                          "logonProcess": "User32",
                          "authenticationPackage": "Negotiate",
                          "Title": "Login (Interactive)",
                          "tag": ""
                    }
              ]
        },
        {
              "id": "22-2-Login (CachedInteractive)",
              "type": "edge",
              "source": "22",
              "target": "2",
              "date": [
                    1667577645,
                    1667577645,
                    1667577813,
                    1667577813
              ],
              "label": "Login (CachedInteractive)",
              "g": null,
              "ttp": false,
              "inRange": true,
              "visible": true,
              "frequency": 4,
              "merged_edges": {
                    "ids": [
                          "180",
                          "555",
                          "159",
                          "549"
                    ],
                    "score_ttp": [
                          "0"
                    ]
              },
              "properties": [
                    {
                          "_t": [
                                "WindowsModelBase",
                                "Event4624Model"
                          ],
                          "eventID": 4624,
                          "computerName": "QDS7.stella.local",
                          "recordNumber": 3473814,
                          "time": "11-04-2022 16:00:45",
                          "epochTime": 1667577645000,
                          "agentDevice": "WindowsLog",
                          "agentLogFile": "Security",
                          "eventCategory": 12544,
                          "keyWords": "Audit Success",
                          "level": "Log Always",
                          "message": "An account was successfully logged on.",
                          "opCode": "Info",
                          "originatingComputer": "10.0.5.87",
                          "pluginVersion": "7.2.9.105",
                          "source": "Microsoft-Windows-Security-Auditing",
                          "task": "SE_ADT_LOGON_LOGON",
                          "newLogonID": "0xE0CD4F",
                          "logsourceTime": 1636099287,
                          "subjectLogonID": "0x3E7",
                          "subjectLogonType": "11",
                          "subjectSecurityID": "NT AUTHORITY\\SYSTEM",
                          "subjectAccountName": "QDS7$",
                          "subjectAccountDomain": "STELLA",
                          "newLogonSecurityID": "STELLA\\client5",
                          "newLogonAccountName": "client5",
                          "newLogonAccountDomain": "STELLA",
                          "linkedLogonID": "0x0",
                          "logonGUID": "{00000000-0000-0000-0000-000000000000}",
                          "processID": "0x398",
                          "workstationName": "QDS7",
                          "sourceNetworkAddress": "127.0.0.1",
                          "sourcePort": 0,
                          "logonProcess": "User32",
                          "authenticationPackage": "Negotiate",
                          "Title": "Login (CachedInteractive)",
                          "tag": ""
                    },
                    {
                          "_t": [
                                "ActiveDirectoryModelBase",
                                "Event4624Model"
                          ],
                          "agentDevice": "WindowsLog",
                          "agentLogFile": "Security",
                          "pluginVersion": "7.2.9.105",
                          "source": "Microsoft-Windows-Security-Auditing",
                          "computerName": "QDS7.stella.local",
                          "originatingComputer": "10.0.5.87",
                          "eventID": 4624,
                          "eventCategory": 12544,
                          "recordNumber": 3473814,
                          "level": "Log Always",
                          "task": "SE_ADT_LOGON_LOGON",
                          "opCode": "Info",
                          "message": "An account was successfully logged on.",
                          "sourceip": "127.0.0.1",
                          "time": "11-04-2022 16:00:45",
                          "epochTime": 1667577645000,
                          "keyWords": "Audit Success",
                          "newLogonID": "0xE0CD4F",
                          "logsourceTime": 1636099287,
                          "subjectLogonID": "0x3E7",
                          "subjectLogonType": "11",
                          "subjectSecurityID": "NT AUTHORITY\\SYSTEM",
                          "subjectAccountName": "QDS7$",
                          "subjectAccountDomain": "STELLA",
                          "newLogonSecurityID": "STELLA\\client5",
                          "newLogonAccountName": "client5",
                          "newLogonAccountDomain": "STELLA",
                          "linkedLogonID": "0x0",
                          "logonGUID": "{00000000-0000-0000-0000-000000000000}",
                          "processID": "0x398",
                          "workstationName": "QDS7",
                          "sourceNetworkAddress": "127.0.0.1",
                          "logonProcess": "User32",
                          "authenticationPackage": "Negotiate",
                          "Title": "Login (CachedInteractive)",
                          "tag": ""
                    },
                    {
                          "_t": [
                                "WindowsModelBase",
                                "Event4624Model"
                          ],
                          "eventID": 4624,
                          "computerName": "QDS7.stella.local",
                          "recordNumber": 3474150,
                          "time": "11-04-2022 16:03:33",
                          "epochTime": 1667577813000,
                          "agentDevice": "WindowsLog",
                          "agentLogFile": "Security",
                          "eventCategory": 12544,
                          "keyWords": "Audit Success",
                          "level": "Log Always",
                          "message": "An account was successfully logged on.",
                          "opCode": "Info",
                          "originatingComputer": "10.0.5.87",
                          "pluginVersion": "7.2.9.105",
                          "source": "Microsoft-Windows-Security-Auditing",
                          "task": "SE_ADT_LOGON_LOGON",
                          "newLogonID": "0xE308F8",
                          "logsourceTime": 1636099452,
                          "subjectLogonID": "0x3E7",
                          "subjectLogonType": "11",
                          "subjectSecurityID": "NT AUTHORITY\\SYSTEM",
                          "subjectAccountName": "QDS7$",
                          "subjectAccountDomain": "STELLA",
                          "newLogonSecurityID": "STELLA\\client5",
                          "newLogonAccountName": "client5",
                          "newLogonAccountDomain": "STELLA",
                          "linkedLogonID": "0x0",
                          "logonGUID": "{00000000-0000-0000-0000-000000000000}",
                          "processID": "0x398",
                          "workstationName": "QDS7",
                          "sourceNetworkAddress": "127.0.0.1",
                          "sourcePort": 0,
                          "logonProcess": "User32",
                          "authenticationPackage": "Negotiate",
                          "Title": "Login (CachedInteractive)",
                          "tag": ""
                    },
                    {
                          "_t": [
                                "ActiveDirectoryModelBase",
                                "Event4624Model"
                          ],
                          "agentDevice": "WindowsLog",
                          "agentLogFile": "Security",
                          "pluginVersion": "7.2.9.105",
                          "source": "Microsoft-Windows-Security-Auditing",
                          "computerName": "QDS7.stella.local",
                          "originatingComputer": "10.0.5.87",
                          "eventID": 4624,
                          "eventCategory": 12544,
                          "recordNumber": 3474150,
                          "level": "Log Always",
                          "task": "SE_ADT_LOGON_LOGON",
                          "opCode": "Info",
                          "message": "An account was successfully logged on.",
                          "sourceip": "127.0.0.1",
                          "time": "11-04-2022 16:03:33",
                          "epochTime": 1667577813000,
                          "keyWords": "Audit Success",
                          "newLogonID": "0xE308F8",
                          "logsourceTime": 1636099452,
                          "subjectLogonID": "0x3E7",
                          "subjectLogonType": "11",
                          "subjectSecurityID": "NT AUTHORITY\\SYSTEM",
                          "subjectAccountName": "QDS7$",
                          "subjectAccountDomain": "STELLA",
                          "newLogonSecurityID": "STELLA\\client5",
                          "newLogonAccountName": "client5",
                          "newLogonAccountDomain": "STELLA",
                          "linkedLogonID": "0x0",
                          "logonGUID": "{00000000-0000-0000-0000-000000000000}",
                          "processID": "0x398",
                          "workstationName": "QDS7",
                          "sourceNetworkAddress": "127.0.0.1",
                          "logonProcess": "User32",
                          "authenticationPackage": "Negotiate",
                          "Title": "Login (CachedInteractive)",
                          "tag": ""
                    }
              ]
        },
        {
              "id": "22-2-Login (Unlock)",
              "type": "edge",
              "source": "22",
              "target": "2",
              "date": [
                    1667577645,
                    1667577645,
                    1667577813,
                    1667577813
              ],
              "label": "Login (Unlock)",
              "g": null,
              "ttp": false,
              "inRange": true,
              "visible": true,
              "frequency": 4,
              "merged_edges": {
                    "ids": [
                          "183",
                          "558",
                          "162",
                          "552"
                    ],
                    "score_ttp": [
                          "0"
                    ]
              },
              "properties": [
                    {
                          "_t": [
                                "WindowsModelBase",
                                "Event4624Model"
                          ],
                          "eventID": 4624,
                          "computerName": "QDS7.stella.local",
                          "recordNumber": 3473820,
                          "time": "11-04-2022 16:00:45",
                          "epochTime": 1667577645000,
                          "agentDevice": "WindowsLog",
                          "agentLogFile": "Security",
                          "eventCategory": 12544,
                          "keyWords": "Audit Success",
                          "level": "Log Always",
                          "message": "An account was successfully logged on.",
                          "opCode": "Info",
                          "originatingComputer": "10.0.5.87",
                          "pluginVersion": "7.2.9.105",
                          "source": "Microsoft-Windows-Security-Auditing",
                          "task": "SE_ADT_LOGON_LOGON",
                          "newLogonID": "0xE0CDF9",
                          "logsourceTime": 1636099287,
                          "subjectLogonID": "0x3E7",
                          "subjectLogonType": "7",
                          "subjectSecurityID": "NT AUTHORITY\\SYSTEM",
                          "subjectAccountName": "QDS7$",
                          "subjectAccountDomain": "STELLA",
                          "newLogonSecurityID": "STELLA\\client5",
                          "newLogonAccountName": "client5",
                          "newLogonAccountDomain": "STELLA",
                          "linkedLogonID": "0x0",
                          "logonGUID": "{169FFF4B-513C-290D-08A5-57D50B8A0D4E}",
                          "processID": "0x230",
                          "workstationName": "QDS7",
                          "sourcePort": null,
                          "logonProcess": "Negotiat",
                          "authenticationPackage": "Negotiate",
                          "Title": "Login (Unlock)",
                          "tag": ""
                    },
                    {
                          "_t": [
                                "ActiveDirectoryModelBase",
                                "Event4624Model"
                          ],
                          "agentDevice": "WindowsLog",
                          "agentLogFile": "Security",
                          "pluginVersion": "7.2.9.105",
                          "source": "Microsoft-Windows-Security-Auditing",
                          "computerName": "QDS7.stella.local",
                          "originatingComputer": "10.0.5.87",
                          "eventID": 4624,
                          "eventCategory": 12544,
                          "recordNumber": 3473820,
                          "level": "Log Always",
                          "task": "SE_ADT_LOGON_LOGON",
                          "opCode": "Info",
                          "message": "An account was successfully logged on.",
                          "sourceip": "10.0.5.87",
                          "time": "11-04-2022 16:00:45",
                          "epochTime": 1667577645000,
                          "keyWords": "Audit Success",
                          "newLogonID": "0xE0CDF9",
                          "logsourceTime": 1636099287,
                          "subjectLogonID": "0x3E7",
                          "subjectLogonType": "7",
                          "subjectSecurityID": "NT AUTHORITY\\SYSTEM",
                          "subjectAccountName": "QDS7$",
                          "subjectAccountDomain": "STELLA",
                          "newLogonSecurityID": "STELLA\\client5",
                          "newLogonAccountName": "client5",
                          "newLogonAccountDomain": "STELLA",
                          "linkedLogonID": "0x0",
                          "logonGUID": "{169FFF4B-513C-290D-08A5-57D50B8A0D4E}",
                          "processID": "0x230",
                          "workstationName": "QDS7",
                          "logonProcess": "Negotiat",
                          "authenticationPackage": "Negotiate",
                          "Title": "Login (Unlock)",
                          "tag": ""
                    },
                    {
                          "_t": [
                                "WindowsModelBase",
                                "Event4624Model"
                          ],
                          "eventID": 4624,
                          "computerName": "QDS7.stella.local",
                          "recordNumber": 3474156,
                          "time": "11-04-2022 16:03:33",
                          "epochTime": 1667577813000,
                          "agentDevice": "WindowsLog",
                          "agentLogFile": "Security",
                          "eventCategory": 12544,
                          "keyWords": "Audit Success",
                          "level": "Log Always",
                          "message": "An account was successfully logged on.",
                          "opCode": "Info",
                          "originatingComputer": "10.0.5.87",
                          "pluginVersion": "7.2.9.105",
                          "source": "Microsoft-Windows-Security-Auditing",
                          "task": "SE_ADT_LOGON_LOGON",
                          "newLogonID": "0xE30935",
                          "logsourceTime": 1636099452,
                          "subjectLogonID": "0x3E7",
                          "subjectLogonType": "7",
                          "subjectSecurityID": "NT AUTHORITY\\SYSTEM",
                          "subjectAccountName": "QDS7$",
                          "subjectAccountDomain": "STELLA",
                          "newLogonSecurityID": "STELLA\\client5",
                          "newLogonAccountName": "client5",
                          "newLogonAccountDomain": "STELLA",
                          "linkedLogonID": "0x0",
                          "logonGUID": "{C1F8509A-D210-01EA-4E55-A1ED6F71D8BF}",
                          "processID": "0x230",
                          "workstationName": "QDS7",
                          "sourcePort": null,
                          "logonProcess": "Negotiat",
                          "authenticationPackage": "Negotiate",
                          "Title": "Login (Unlock)",
                          "tag": ""
                    },
                    {
                          "_t": [
                                "ActiveDirectoryModelBase",
                                "Event4624Model"
                          ],
                          "agentDevice": "WindowsLog",
                          "agentLogFile": "Security",
                          "pluginVersion": "7.2.9.105",
                          "source": "Microsoft-Windows-Security-Auditing",
                          "computerName": "QDS7.stella.local",
                          "originatingComputer": "10.0.5.87",
                          "eventID": 4624,
                          "eventCategory": 12544,
                          "recordNumber": 3474156,
                          "level": "Log Always",
                          "task": "SE_ADT_LOGON_LOGON",
                          "opCode": "Info",
                          "message": "An account was successfully logged on.",
                          "sourceip": "10.0.5.87",
                          "time": "11-04-2022 16:03:33",
                          "epochTime": 1667577813000,
                          "keyWords": "Audit Success",
                          "newLogonID": "0xE30935",
                          "logsourceTime": 1636099452,
                          "subjectLogonID": "0x3E7",
                          "subjectLogonType": "7",
                          "subjectSecurityID": "NT AUTHORITY\\SYSTEM",
                          "subjectAccountName": "QDS7$",
                          "subjectAccountDomain": "STELLA",
                          "newLogonSecurityID": "STELLA\\client5",
                          "newLogonAccountName": "client5",
                          "newLogonAccountDomain": "STELLA",
                          "linkedLogonID": "0x0",
                          "logonGUID": "{C1F8509A-D210-01EA-4E55-A1ED6F71D8BF}",
                          "processID": "0x230",
                          "workstationName": "QDS7",
                          "logonProcess": "Negotiat",
                          "authenticationPackage": "Negotiate",
                          "Title": "Login (Unlock)",
                          "tag": ""
                    }
              ]
        },
        {
              "id": "25-2-Login (CachedInteractive)",
              "type": "edge",
              "source": "25",
              "target": "2",
              "date": [
                    1667575321,
                    1667575321,
                    1667575321,
                    1667575321,
                    1667575794,
                    1667575794,
                    1667575794,
                    1667575794,
                    1667576383,
                    1667576383,
                    1667576383,
                    1667576383,
                    1667576802,
                    1667576802,
                    1667576802,
                    1667576802,
                    1667577445,
                    1667577445,
                    1667577445,
                    1667577445
              ],
              "label": "Login (CachedInteractive)",
              "g": null,
              "ttp": false,
              "inRange": true,
              "visible": true,
              "frequency": 20,
              "merged_edges": {
                    "ids": [
                          "147",
                          "150",
                          "522",
                          "525",
                          "135",
                          "138",
                          "510",
                          "513",
                          "90",
                          "93",
                          "465",
                          "468",
                          "63",
                          "66",
                          "438",
                          "441",
                          "27",
                          "30",
                          "402",
                          "405"
                    ],
                    "score_ttp": [
                          "0"
                    ]
              },
              "properties": [
                    {
                          "_t": [
                                "WindowsModelBase",
                                "Event4624Model"
                          ],
                          "eventID": 4624,
                          "computerName": "QDS7.stella.local",
                          "recordNumber": 3467944,
                          "time": "11-04-2022 15:22:01",
                          "epochTime": 1667575321000,
                          "agentDevice": "WindowsLog",
                          "agentLogFile": "Security",
                          "eventCategory": 12544,
                          "keyWords": "Audit Success",
                          "level": "Log Always",
                          "message": "An account was successfully logged on.",
                          "opCode": "Info",
                          "originatingComputer": "10.0.5.87",
                          "pluginVersion": "7.2.9.105",
                          "source": "Microsoft-Windows-Security-Auditing",
                          "task": "SE_ADT_LOGON_LOGON",
                          "newLogonID": "0xA293C4",
                          "logsourceTime": 1636096953,
                          "subjectLogonID": "0x3E7",
                          "subjectLogonType": "11",
                          "subjectSecurityID": "NT AUTHORITY\\SYSTEM",
                          "subjectAccountName": "QDS7$",
                          "subjectAccountDomain": "STELLA",
                          "newLogonSecurityID": "STELLA\\dennis.r",
                          "newLogonAccountName": "dennis.r",
                          "newLogonAccountDomain": "STELLA",
                          "linkedLogonID": "0xA293A5",
                          "logonGUID": "{00000000-0000-0000-0000-000000000000}",
                          "processID": "0x398",
                          "workstationName": "QDS7",
                          "sourceNetworkAddress": "127.0.0.1",
                          "sourcePort": 0,
                          "logonProcess": "User32",
                          "authenticationPackage": "Negotiate",
                          "Title": "Login (CachedInteractive)",
                          "tag": ""
                    },
                    {
                          "_t": [
                                "WindowsModelBase",
                                "Event4624Model"
                          ],
                          "eventID": 4624,
                          "computerName": "QDS7.stella.local",
                          "recordNumber": 3467943,
                          "time": "11-04-2022 15:22:01",
                          "epochTime": 1667575321000,
                          "agentDevice": "WindowsLog",
                          "agentLogFile": "Security",
                          "eventCategory": 12544,
                          "keyWords": "Audit Success",
                          "level": "Log Always",
                          "message": "An account was successfully logged on.",
                          "opCode": "Info",
                          "originatingComputer": "10.0.5.87",
                          "pluginVersion": "7.2.9.105",
                          "source": "Microsoft-Windows-Security-Auditing",
                          "task": "SE_ADT_LOGON_LOGON",
                          "newLogonID": "0xA293A5",
                          "logsourceTime": 1636096953,
                          "subjectLogonID": "0x3E7",
                          "subjectLogonType": "11",
                          "subjectSecurityID": "NT AUTHORITY\\SYSTEM",
                          "subjectAccountName": "QDS7$",
                          "subjectAccountDomain": "STELLA",
                          "newLogonSecurityID": "STELLA\\dennis.r",
                          "newLogonAccountName": "dennis.r",
                          "newLogonAccountDomain": "STELLA",
                          "linkedLogonID": "0xA293C4",
                          "logonGUID": "{00000000-0000-0000-0000-000000000000}",
                          "processID": "0x398",
                          "workstationName": "QDS7",
                          "sourceNetworkAddress": "127.0.0.1",
                          "sourcePort": 0,
                          "logonProcess": "User32",
                          "authenticationPackage": "Negotiate",
                          "Title": "Login (CachedInteractive)",
                          "tag": ""
                    },
                    {
                          "_t": [
                                "ActiveDirectoryModelBase",
                                "Event4624Model"
                          ],
                          "agentDevice": "WindowsLog",
                          "agentLogFile": "Security",
                          "pluginVersion": "7.2.9.105",
                          "source": "Microsoft-Windows-Security-Auditing",
                          "computerName": "QDS7.stella.local",
                          "originatingComputer": "10.0.5.87",
                          "eventID": 4624,
                          "eventCategory": 12544,
                          "recordNumber": 3467944,
                          "level": "Log Always",
                          "task": "SE_ADT_LOGON_LOGON",
                          "opCode": "Info",
                          "message": "An account was successfully logged on.",
                          "sourceip": "127.0.0.1",
                          "time": "11-04-2022 15:22:01",
                          "epochTime": 1667575321000,
                          "keyWords": "Audit Success",
                          "newLogonID": "0xA293C4",
                          "logsourceTime": 1636096953,
                          "subjectLogonID": "0x3E7",
                          "subjectLogonType": "11",
                          "subjectSecurityID": "NT AUTHORITY\\SYSTEM",
                          "subjectAccountName": "QDS7$",
                          "subjectAccountDomain": "STELLA",
                          "newLogonSecurityID": "STELLA\\dennis.r",
                          "newLogonAccountName": "dennis.r",
                          "newLogonAccountDomain": "STELLA",
                          "linkedLogonID": "0xA293A5",
                          "logonGUID": "{00000000-0000-0000-0000-000000000000}",
                          "processID": "0x398",
                          "workstationName": "QDS7",
                          "sourceNetworkAddress": "127.0.0.1",
                          "logonProcess": "User32",
                          "authenticationPackage": "Negotiate",
                          "Title": "Login (CachedInteractive)",
                          "tag": ""
                    },
                    {
                          "_t": [
                                "ActiveDirectoryModelBase",
                                "Event4624Model"
                          ],
                          "agentDevice": "WindowsLog",
                          "agentLogFile": "Security",
                          "pluginVersion": "7.2.9.105",
                          "source": "Microsoft-Windows-Security-Auditing",
                          "computerName": "QDS7.stella.local",
                          "originatingComputer": "10.0.5.87",
                          "eventID": 4624,
                          "eventCategory": 12544,
                          "recordNumber": 3467943,
                          "level": "Log Always",
                          "task": "SE_ADT_LOGON_LOGON",
                          "opCode": "Info",
                          "message": "An account was successfully logged on.",
                          "sourceip": "127.0.0.1",
                          "time": "11-04-2022 15:22:01",
                          "epochTime": 1667575321000,
                          "keyWords": "Audit Success",
                          "newLogonID": "0xA293A5",
                          "logsourceTime": 1636096953,
                          "subjectLogonID": "0x3E7",
                          "subjectLogonType": "11",
                          "subjectSecurityID": "NT AUTHORITY\\SYSTEM",
                          "subjectAccountName": "QDS7$",
                          "subjectAccountDomain": "STELLA",
                          "newLogonSecurityID": "STELLA\\dennis.r",
                          "newLogonAccountName": "dennis.r",
                          "newLogonAccountDomain": "STELLA",
                          "linkedLogonID": "0xA293C4",
                          "logonGUID": "{00000000-0000-0000-0000-000000000000}",
                          "processID": "0x398",
                          "workstationName": "QDS7",
                          "sourceNetworkAddress": "127.0.0.1",
                          "logonProcess": "User32",
                          "authenticationPackage": "Negotiate",
                          "Title": "Login (CachedInteractive)",
                          "tag": ""
                    },
                    {
                          "_t": [
                                "WindowsModelBase",
                                "Event4624Model"
                          ],
                          "eventID": 4624,
                          "computerName": "QDS7.stella.local",
                          "recordNumber": 3468797,
                          "time": "11-04-2022 15:29:54",
                          "epochTime": 1667575794000,
                          "agentDevice": "WindowsLog",
                          "agentLogFile": "Security",
                          "eventCategory": 12544,
                          "keyWords": "Audit Success",
                          "level": "Log Always",
                          "message": "An account was successfully logged on.",
                          "opCode": "Info",
                          "originatingComputer": "10.0.5.87",
                          "pluginVersion": "7.2.9.105",
                          "source": "Microsoft-Windows-Security-Auditing",
                          "task": "SE_ADT_LOGON_LOGON",
                          "newLogonID": "0xA5EE00",
                          "logsourceTime": 1636097430,
                          "subjectLogonID": "0x3E7",
                          "subjectLogonType": "11",
                          "subjectSecurityID": "NT AUTHORITY\\SYSTEM",
                          "subjectAccountName": "QDS7$",
                          "subjectAccountDomain": "STELLA",
                          "newLogonSecurityID": "STELLA\\dennis.r",
                          "newLogonAccountName": "dennis.r",
                          "newLogonAccountDomain": "STELLA",
                          "linkedLogonID": "0xA5EDE6",
                          "logonGUID": "{00000000-0000-0000-0000-000000000000}",
                          "processID": "0x398",
                          "workstationName": "QDS7",
                          "sourceNetworkAddress": "127.0.0.1",
                          "sourcePort": 0,
                          "logonProcess": "User32",
                          "authenticationPackage": "Negotiate",
                          "Title": "Login (CachedInteractive)",
                          "tag": ""
                    },
                    {
                          "_t": [
                                "WindowsModelBase",
                                "Event4624Model"
                          ],
                          "eventID": 4624,
                          "computerName": "QDS7.stella.local",
                          "recordNumber": 3468796,
                          "time": "11-04-2022 15:29:54",
                          "epochTime": 1667575794000,
                          "agentDevice": "WindowsLog",
                          "agentLogFile": "Security",
                          "eventCategory": 12544,
                          "keyWords": "Audit Success",
                          "level": "Log Always",
                          "message": "An account was successfully logged on.",
                          "opCode": "Info",
                          "originatingComputer": "10.0.5.87",
                          "pluginVersion": "7.2.9.105",
                          "source": "Microsoft-Windows-Security-Auditing",
                          "task": "SE_ADT_LOGON_LOGON",
                          "newLogonID": "0xA5EDE6",
                          "logsourceTime": 1636097430,
                          "subjectLogonID": "0x3E7",
                          "subjectLogonType": "11",
                          "subjectSecurityID": "NT AUTHORITY\\SYSTEM",
                          "subjectAccountName": "QDS7$",
                          "subjectAccountDomain": "STELLA",
                          "newLogonSecurityID": "STELLA\\dennis.r",
                          "newLogonAccountName": "dennis.r",
                          "newLogonAccountDomain": "STELLA",
                          "linkedLogonID": "0xA5EE00",
                          "logonGUID": "{00000000-0000-0000-0000-000000000000}",
                          "processID": "0x398",
                          "workstationName": "QDS7",
                          "sourceNetworkAddress": "127.0.0.1",
                          "sourcePort": 0,
                          "logonProcess": "User32",
                          "authenticationPackage": "Negotiate",
                          "Title": "Login (CachedInteractive)",
                          "tag": ""
                    },
                    {
                          "_t": [
                                "ActiveDirectoryModelBase",
                                "Event4624Model"
                          ],
                          "agentDevice": "WindowsLog",
                          "agentLogFile": "Security",
                          "pluginVersion": "7.2.9.105",
                          "source": "Microsoft-Windows-Security-Auditing",
                          "computerName": "QDS7.stella.local",
                          "originatingComputer": "10.0.5.87",
                          "eventID": 4624,
                          "eventCategory": 12544,
                          "recordNumber": 3468797,
                          "level": "Log Always",
                          "task": "SE_ADT_LOGON_LOGON",
                          "opCode": "Info",
                          "message": "An account was successfully logged on.",
                          "sourceip": "127.0.0.1",
                          "time": "11-04-2022 15:29:54",
                          "epochTime": 1667575794000,
                          "keyWords": "Audit Success",
                          "newLogonID": "0xA5EE00",
                          "logsourceTime": 1636097430,
                          "subjectLogonID": "0x3E7",
                          "subjectLogonType": "11",
                          "subjectSecurityID": "NT AUTHORITY\\SYSTEM",
                          "subjectAccountName": "QDS7$",
                          "subjectAccountDomain": "STELLA",
                          "newLogonSecurityID": "STELLA\\dennis.r",
                          "newLogonAccountName": "dennis.r",
                          "newLogonAccountDomain": "STELLA",
                          "linkedLogonID": "0xA5EDE6",
                          "logonGUID": "{00000000-0000-0000-0000-000000000000}",
                          "processID": "0x398",
                          "workstationName": "QDS7",
                          "sourceNetworkAddress": "127.0.0.1",
                          "logonProcess": "User32",
                          "authenticationPackage": "Negotiate",
                          "Title": "Login (CachedInteractive)",
                          "tag": ""
                    },
                    {
                          "_t": [
                                "ActiveDirectoryModelBase",
                                "Event4624Model"
                          ],
                          "agentDevice": "WindowsLog",
                          "agentLogFile": "Security",
                          "pluginVersion": "7.2.9.105",
                          "source": "Microsoft-Windows-Security-Auditing",
                          "computerName": "QDS7.stella.local",
                          "originatingComputer": "10.0.5.87",
                          "eventID": 4624,
                          "eventCategory": 12544,
                          "recordNumber": 3468796,
                          "level": "Log Always",
                          "task": "SE_ADT_LOGON_LOGON",
                          "opCode": "Info",
                          "message": "An account was successfully logged on.",
                          "sourceip": "127.0.0.1",
                          "time": "11-04-2022 15:29:54",
                          "epochTime": 1667575794000,
                          "keyWords": "Audit Success",
                          "newLogonID": "0xA5EDE6",
                          "logsourceTime": 1636097430,
                          "subjectLogonID": "0x3E7",
                          "subjectLogonType": "11",
                          "subjectSecurityID": "NT AUTHORITY\\SYSTEM",
                          "subjectAccountName": "QDS7$",
                          "subjectAccountDomain": "STELLA",
                          "newLogonSecurityID": "STELLA\\dennis.r",
                          "newLogonAccountName": "dennis.r",
                          "newLogonAccountDomain": "STELLA",
                          "linkedLogonID": "0xA5EE00",
                          "logonGUID": "{00000000-0000-0000-0000-000000000000}",
                          "processID": "0x398",
                          "workstationName": "QDS7",
                          "sourceNetworkAddress": "127.0.0.1",
                          "logonProcess": "User32",
                          "authenticationPackage": "Negotiate",
                          "Title": "Login (CachedInteractive)",
                          "tag": ""
                    },
                    {
                          "_t": [
                                "WindowsModelBase",
                                "Event4624Model"
                          ],
                          "eventID": 4624,
                          "computerName": "QDS7.stella.local",
                          "recordNumber": 3469838,
                          "time": "11-04-2022 15:39:43",
                          "epochTime": 1667576383000,
                          "agentDevice": "WindowsLog",
                          "agentLogFile": "Security",
                          "eventCategory": 12544,
                          "keyWords": "Audit Success",
                          "level": "Log Always",
                          "message": "An account was successfully logged on.",
                          "opCode": "Info",
                          "originatingComputer": "10.0.5.87",
                          "pluginVersion": "7.2.9.105",
                          "source": "Microsoft-Windows-Security-Auditing",
                          "task": "SE_ADT_LOGON_LOGON",
                          "newLogonID": "0xB04EA6",
                          "logsourceTime": 1636098023,
                          "subjectLogonID": "0x3E7",
                          "subjectLogonType": "11",
                          "subjectSecurityID": "NT AUTHORITY\\SYSTEM",
                          "subjectAccountName": "QDS7$",
                          "subjectAccountDomain": "STELLA",
                          "newLogonSecurityID": "STELLA\\dennis.r",
                          "newLogonAccountName": "dennis.r",
                          "newLogonAccountDomain": "STELLA",
                          "linkedLogonID": "0xB04EC0",
                          "logonGUID": "{00000000-0000-0000-0000-000000000000}",
                          "processID": "0x398",
                          "workstationName": "QDS7",
                          "sourceNetworkAddress": "127.0.0.1",
                          "sourcePort": 0,
                          "logonProcess": "User32",
                          "authenticationPackage": "Negotiate",
                          "Title": "Login (CachedInteractive)",
                          "tag": ""
                    },
                    {
                          "_t": [
                                "WindowsModelBase",
                                "Event4624Model"
                          ],
                          "eventID": 4624,
                          "computerName": "QDS7.stella.local",
                          "recordNumber": 3469839,
                          "time": "11-04-2022 15:39:43",
                          "epochTime": 1667576383000,
                          "agentDevice": "WindowsLog",
                          "agentLogFile": "Security",
                          "eventCategory": 12544,
                          "keyWords": "Audit Success",
                          "level": "Log Always",
                          "message": "An account was successfully logged on.",
                          "opCode": "Info",
                          "originatingComputer": "10.0.5.87",
                          "pluginVersion": "7.2.9.105",
                          "source": "Microsoft-Windows-Security-Auditing",
                          "task": "SE_ADT_LOGON_LOGON",
                          "newLogonID": "0xB04EC0",
                          "logsourceTime": 1636098023,
                          "subjectLogonID": "0x3E7",
                          "subjectLogonType": "11",
                          "subjectSecurityID": "NT AUTHORITY\\SYSTEM",
                          "subjectAccountName": "QDS7$",
                          "subjectAccountDomain": "STELLA",
                          "newLogonSecurityID": "STELLA\\dennis.r",
                          "newLogonAccountName": "dennis.r",
                          "newLogonAccountDomain": "STELLA",
                          "linkedLogonID": "0xB04EA6",
                          "logonGUID": "{00000000-0000-0000-0000-000000000000}",
                          "processID": "0x398",
                          "workstationName": "QDS7",
                          "sourceNetworkAddress": "127.0.0.1",
                          "sourcePort": 0,
                          "logonProcess": "User32",
                          "authenticationPackage": "Negotiate",
                          "Title": "Login (CachedInteractive)",
                          "tag": ""
                    },
                    {
                          "_t": [
                                "ActiveDirectoryModelBase",
                                "Event4624Model"
                          ],
                          "agentDevice": "WindowsLog",
                          "agentLogFile": "Security",
                          "pluginVersion": "7.2.9.105",
                          "source": "Microsoft-Windows-Security-Auditing",
                          "computerName": "QDS7.stella.local",
                          "originatingComputer": "10.0.5.87",
                          "eventID": 4624,
                          "eventCategory": 12544,
                          "recordNumber": 3469838,
                          "level": "Log Always",
                          "task": "SE_ADT_LOGON_LOGON",
                          "opCode": "Info",
                          "message": "An account was successfully logged on.",
                          "sourceip": "127.0.0.1",
                          "time": "11-04-2022 15:39:43",
                          "epochTime": 1667576383000,
                          "keyWords": "Audit Success",
                          "newLogonID": "0xB04EA6",
                          "logsourceTime": 1636098023,
                          "subjectLogonID": "0x3E7",
                          "subjectLogonType": "11",
                          "subjectSecurityID": "NT AUTHORITY\\SYSTEM",
                          "subjectAccountName": "QDS7$",
                          "subjectAccountDomain": "STELLA",
                          "newLogonSecurityID": "STELLA\\dennis.r",
                          "newLogonAccountName": "dennis.r",
                          "newLogonAccountDomain": "STELLA",
                          "linkedLogonID": "0xB04EC0",
                          "logonGUID": "{00000000-0000-0000-0000-000000000000}",
                          "processID": "0x398",
                          "workstationName": "QDS7",
                          "sourceNetworkAddress": "127.0.0.1",
                          "logonProcess": "User32",
                          "authenticationPackage": "Negotiate",
                          "Title": "Login (CachedInteractive)",
                          "tag": ""
                    },
