// V3 query: 643cb2b7854384ce26c0e44f
// local query: 64d3730d1c701aa4d860b8fc
export const data = 
{
      "nodes": [
            {
                  "id": "1",
                  "inRange": true,
                  "visible": true,
                  "type": "node",
                  "label": "STELLA\\svc-node1",
                  "display": {
                        "labels": [
                              "User"
                        ],
                        "score_ioc": null,
                        "tag": ""
                  },
                  "properties": [
                        {
                              "Account_Domain": "STELLA",
                              "Account_Name": "svc-node1",
                              "User": "STELLA\\svc-node1",
                              "Title": "STELLA\\svc-node1",
                              "tag": ""
                        }
                  ],
                  "ioc": false
            },
            {
                  "id": "2",
                  "inRange": true,
                  "visible": true,
                  "type": "node",
                  "label": "QDS3.stella.local",
                  "display": {
                        "labels": [
                              "Computer"
                        ],
                        "score_ioc": null,
                        "tag": ""
                  },
                  "properties": [
                        {
                              "ComputerName": "QDS3.stella.local",
                              "IP Address": "169.254.215.99",
                              "Title": "QDS3.stella.local",
                              "tag": ""
                        }
                  ],
                  "ioc": false
            },
            {
                  "id": "7",
                  "inRange": true,
                  "visible": true,
                  "type": "node",
                  "label": "STELLA\\sumit.k",
                  "display": {
                        "labels": [
                              "User"
                        ],
                        "score_ioc": null,
                        "tag": ""
                  },
                  "properties": [
                        {
                              "Account_Domain": "STELLA",
                              "Account_Name": "sumit.k",
                              "User": "STELLA\\sumit.k",
                              "Title": "STELLA\\sumit.k",
                              "tag": ""
                        }
                  ],
                  "ioc": false
            },
            {
                  "id": "19",
                  "inRange": true,
                  "visible": true,
                  "type": "node",
                  "label": "ngentask.exe",
                  "display": {
                        "labels": [
                              "Process"
                        ],
                        "score_ioc": null,
                        "tag": ""
                  },
                  "properties": [
                        {
                              "ComputerName": "QDS3.stella.local",
                              "OriginatingComputerName": "169.254.215.99",
                              "path": "C:\\Windows\\Microsoft.NET\\Framework\\v4.0.30319\\ngentask.exe",
                              "Title": "ngentask.exe",
                              "tag": ""
                        }
                  ],
                  "ioc": false
            },
            {
                  "id": "20",
                  "inRange": true,
                  "visible": true,
                  "type": "node",
                  "label": "ngen.exe",
                  "display": {
                        "labels": [
                              "Process"
                        ],
                        "score_ioc": null,
                        "tag": ""
                  },
                  "properties": [
                        {
                              "ComputerName": "QDS3.stella.local",
                              "OriginatingComputerName": "169.254.215.99",
                              "path": "C:\\Windows\\Microsoft.NET\\Framework\\v4.0.30319\\ngen.exe",
                              "Title": "ngen.exe",
                              "tag": ""
                        }
                  ],
                  "ioc": false
            },
            {
                  "id": "22",
                  "inRange": true,
                  "visible": true,
                  "type": "node",
                  "label": "ngentask.exe",
                  "display": {
                        "labels": [
                              "Process"
                        ],
                        "score_ioc": null,
                        "tag": ""
                  },
                  "properties": [
                        {
                              "ComputerName": "QDS3.stella.local",
                              "OriginatingComputerName": "169.254.215.99",
                              "path": "C:\\Windows\\Microsoft.NET\\Framework64\\v4.0.30319\\ngentask.exe",
                              "Title": "ngentask.exe",
                              "tag": ""
                        }
                  ],
                  "ioc": false
            },
            {
                  "id": "23",
                  "inRange": true,
                  "visible": true,
                  "type": "node",
                  "label": "ngen.exe",
                  "display": {
                        "labels": [
                              "Process"
                        ],
                        "score_ioc": null,
                        "tag": ""
                  },
                  "properties": [
                        {
                              "ComputerName": "QDS3.stella.local",
                              "OriginatingComputerName": "169.254.215.99",
                              "path": "C:\\Windows\\Microsoft.NET\\Framework64\\v4.0.30319\\ngen.exe",
                              "Title": "ngen.exe",
                              "tag": ""
                        }
                  ],
                  "ioc": false
            },
            {
                  "id": "97",
                  "inRange": true,
                  "visible": true,
                  "type": "node",
                  "label": "cmd.exe",
                  "display": {
                        "labels": [
                              "Process"
                        ],
                        "score_ioc": null,
                        "tag": ""
                  },
                  "properties": [
                        {
                              "ComputerName": "QDS3.stella.local",
                              "OriginatingComputerName": "169.254.215.99",
                              "path": "C:\\Windows\\System32\\cmd.exe",
                              "Title": "cmd.exe",
                              "tag": ""
                        }
                  ],
                  "ioc": false
            },
            {
                  "id": "98",
                  "inRange": true,
                  "visible": true,
                  "type": "node",
                  "label": "runas.exe",
                  "display": {
                        "labels": [
                              "Process"
                        ],
                        "score_ioc": null,
                        "tag": ""
                  },
                  "properties": [
                        {
                              "ComputerName": "QDS3.stella.local",
                              "OriginatingComputerName": "169.254.215.99",
                              "path": "C:\\Windows\\System32\\runas.exe",
                              "Title": "runas.exe",
                              "tag": ""
                        }
                  ],
                  "ioc": false,
                  "comboId": "combo1"
            },
            {
                  "id": "100",
                  "inRange": true,
                  "visible": true,
                  "type": "node",
                  "label": "powershell.exe",
                  "display": {
                        "labels": [
                              "Process"
                        ],
                        "score_ioc": null,
                        "tag": ""
                  },
                  "properties": [
                        {
                              "ComputerName": "QDS3.stella.local",
                              "OriginatingComputerName": "169.254.215.99",
                              "path": "\\device\\harddiskvolume2\\windows\\system32\\windowspowershell\\v1.0\\powershell.exe",
                              "Title": "powershell.exe",
                              "tag": ""
                        }
                  ],
                  "ioc": false,
                  "comboId": "combo1"
            },
            {
                  "id": "101",
                  "inRange": true,
                  "visible": true,
                  "type": "node",
                  "label": "conhost.exe",
                  "display": {
                        "labels": [
                              "Process"
                        ],
                        "score_ioc": null,
                        "tag": ""
                  },
                  "properties": [
                        {
                              "ComputerName": "QDS3.stella.local",
                              "OriginatingComputerName": "169.254.215.99",
                              "path": "C:\\Windows\\System32\\conhost.exe",
                              "Title": "conhost.exe",
                              "tag": ""
                        }
                  ],
                  "ioc": false
            },
            {
                  "id": "185",
                  "inRange": true,
                  "visible": true,
                  "type": "node",
                  "label": "schtasks.exe",
                  "display": {
                        "labels": [
                              "Process"
                        ],
                        "score_ioc": null,
                        "tag": ""
                  },
                  "properties": [
                        {
                              "ComputerName": "QDS3.stella.local",
                              "OriginatingComputerName": "169.254.215.99",
                              "path": "C:\\Windows\\System32\\schtasks.exe",
                              "Title": "schtasks.exe",
                              "tag": ""
                        }
                  ],
                  "ioc": false,
                  "comboId": "combo1"
            },
            {
                  "id": "187",
                  "inRange": true,
                  "visible": true,
                  "type": "node",
                  "label": "ipnet32.exe",
                  "display": {
                        "labels": [
                              "Process"
                        ],
                        "score_ioc": null,
                        "tag": ""
                  },
                  "properties": [
                        {
                              "ComputerName": "QDS3.stella.local",
                              "OriginatingComputerName": "169.254.215.99",
                              "path": "C:\\Users\\SUMITK~1.STE\\AppData\\Local\\Temp\\ipnet32.exe",
                              "Title": "ipnet32.exe",
                              "tag": ""
                        }
                  ],
                  "ioc": false
            },
            {
                  "id": "197",
                  "inRange": true,
                  "visible": true,
                  "type": "node",
                  "label": "slui.exe",
                  "display": {
                        "labels": [
                              "Process"
                        ],
                        "score_ioc": null,
                        "tag": ""
                  },
                  "properties": [
                        {
                              "ComputerName": "QDS3.stella.local",
                              "OriginatingComputerName": "169.254.215.99",
                              "path": "C:\\Windows\\System32\\slui.exe",
                              "Title": "slui.exe",
                              "tag": ""
                        }
                  ],
                  "ioc": false
            },
            {
                  "id": "202",
                  "inRange": true,
                  "visible": true,
                  "type": "node",
                  "label": "WINWORD.EXE",
                  "display": {
                        "labels": [
                              "Process"
                        ],
                        "score_ioc": null,
                        "tag": ""
                  },
                  "properties": [
                        {
                              "ComputerName": "QDS3.stella.local",
                              "OriginatingComputerName": "169.254.215.99",
                              "path": "C:\\Program Files\\Microsoft Office\\root\\Office16\\WINWORD.EXE",
                              "Title": "WINWORD.EXE",
                              "tag": ""
                        }
                  ],
                  "ioc": false
            },
            {
                  "id": "206",
                  "inRange": true,
                  "visible": true,
                  "type": "node",
                  "label": "command",
                  "display": {
                        "labels": [
                              "Registry"
                        ],
                        "score_ioc": null,
                        "tag": ""
                  },
                  "properties": [
                        {
                              "Object Name": "\\REGISTRY\\USER\\S-1-5-21-2763257611-2413836281-3716571953-1103_Classes\\exefile\\shell\\open\\command",
                              "Object Type": "Key",
                              "Computer Name": "QDS3.stella.local",
                              "Originating Computer Name": "169.254.215.99",
                              "path": "\\REGISTRY\\USER\\S-1-5-21-2763257611-2413836281-3716571953-1103_Classes\\exefile\\shell\\open\\command",
                              "Title": "command",
                              "tag": ""
                        }
                  ],
                  "ioc": false
            },
            {
                  "id": "275",
                  "inRange": true,
                  "visible": true,
                  "type": "node",
                  "label": "open",
                  "display": {
                        "labels": [
                              "Registry"
                        ],
                        "score_ioc": null,
                        "tag": ""
                  },
                  "properties": [
                        {
                              "Object Name": "\\REGISTRY\\USER\\S-1-5-21-2763257611-2413836281-3716571953-1103_Classes\\exefile\\shell\\open",
                              "Object Type": "Key",
                              "Computer Name": "QDS3.stella.local",
                              "Originating Computer Name": "169.254.215.99",
                              "path": "\\REGISTRY\\USER\\S-1-5-21-2763257611-2413836281-3716571953-1103_Classes\\exefile\\shell\\open",
                              "Title": "open",
                              "tag": ""
                        }
                  ],
                  "ioc": false
            },
            {
                  "id": "278",
                  "inRange": true,
                  "visible": true,
                  "type": "node",
                  "label": "shell",
                  "display": {
                        "labels": [
                              "Registry"
                        ],
                        "score_ioc": null,
                        "tag": ""
                  },
                  "properties": [
                        {
                              "Object Name": "\\REGISTRY\\USER\\S-1-5-21-2763257611-2413836281-3716571953-1103_Classes\\exefile\\shell",
                              "Object Type": "Key",
                              "Computer Name": "QDS3.stella.local",
                              "Originating Computer Name": "169.254.215.99",
                              "path": "\\REGISTRY\\USER\\S-1-5-21-2763257611-2413836281-3716571953-1103_Classes\\exefile\\shell",
                              "Title": "shell",
                              "tag": ""
                        }
                  ],
                  "ioc": false
            },
            {
                  "id": "281",
                  "inRange": true,
                  "visible": true,
                  "type": "node",
                  "label": "desktop.ini",
                  "display": {
                        "labels": [
                              "File"
                        ],
                        "score_ioc": null,
                        "tag": ""
                  },
                  "properties": [
                        {
                              "Object Name": "C:\\Users\\sumit.k.STELLA\\Downloads\\desktop.ini",
                              "Object Type": "File",
                              "Computer Name": "QDS3.stella.local",
                              "Originating Computer Name": "169.254.215.99",
                              "path": "C:\\Users\\sumit.k.STELLA\\Downloads\\desktop.ini",
                              "Title": "desktop.ini",
                              "tag": ""
                        }
                  ],
                  "ioc": false
            },
            {
                  "id": "323",
                  "parentId": "common_ports_13.13.13.10",
                  "inRange": true,
                  "visible": true,
                  "type": "node",
                  "label": "80",
                  "display": {
                        "labels": [
                              "Port"
                        ],
                        "score_ioc": null,
                        "tag": ""
                  },
                  "properties": [
                        {
                              "Destination_IP": "13.13.13.10",
                              "path": 80,
                              "Title": "80",
                              "tag": ""
                        }
                  ],
                  "ioc": false
            },
            {
                  "id": "324",
                  "inRange": true,
                  "visible": true,
                  "type": "node",
                  "label": "10.0.5.83",
                  "display": {
                        "labels": [
                              "IP_Address"
                        ],
                        "score_ioc": null,
                        "tag": ""
                  },
                  "properties": [
                        {
                              "path": "10.0.5.83",
                              "Title": "10.0.5.83",
                              "tag": ""
                        }
                  ],
                  "ioc": false
            },
            {
                  "id": "325",
                  "inRange": true,
                  "visible": true,
                  "type": "node",
                  "label": "13.13.13.10",
                  "display": {
                        "labels": [
                              "IP_Address"
                        ],
                        "score_ioc": null,
                        "tag": ""
                  },
                  "properties": [
                        {
                              "path": "13.13.13.10",
                              "Title": "13.13.13.10",
                              "tag": ""
                        }
                  ],
                  "ioc": false
            }
      ],
      "edges": [
            {
                  "type": "timeBarInfo",
                  "dateFreq": {
                        "1667379094": 4,
                        "1667308800": 2,
                        "1667378893": 3,
                        "1667310262": 15,
                        "1667310272": 11,
                        "1667385359": 2,
                        "1667385360": 5,
                        "1667385370": 19,
                        "1667379083": 1,
                        "1667309850": 2,
                        "1667309531": 5,
                        "1667309552": 7,
                        "1667308874": 12,
                        "1667309143": 2,
                        "1667309153": 3,
                        "1667309574": 1
                  },
                  "firstDate": 1667308800,
                  "lastDate": 1667385370
            },
            {
                  "id": "1-2-Login (Interactive)",
                  "type": "edge",
                  "source": "1",
                  "target": "2",
                  "date": [
                        1667379094,
                        1667379094
                  ],
                  "label": "Login (Interactive)",
                  "g": null,
                  "ttp": false,
                  "inRange": true,
                  "visible": true,
                  "frequency": 2,
                  "merged_edges": {
                        "ids": [
                              "3",
                              "6"
                        ],
                        "score_ttp": [
                              "0"
                        ]
                  },
                  "properties": [
                        {
                              "_t": [
                                    "WindowsModelBase",
                                    "Event4624Model"
                              ],
                              "eventID": 4624,
                              "computerName": "QDS3.stella.local",
                              "recordNumber": 76748951,
                              "time": "11-02-2022 08:51:34",
                              "epochTime": 1667379094000,
                              "agentDevice": "WindowsLog",
                              "agentLogFile": "Security",
                              "eventCategory": 12544,
                              "keyWords": "Audit Success",
                              "level": "Log Always",
                              "message": "An account was successfully logged on.",
                              "opCode": "Info",
                              "originatingComputer": "169.254.215.99",
                              "pluginVersion": "7.2.9.105",
                              "source": "Microsoft-Windows-Security-Auditing",
                              "task": "SE_ADT_LOGON_LOGON",
                              "newLogonID": "0x4289D06",
                              "logsourceTime": 1635900727,
                              "subjectLogonID": "0xDDBAC",
                              "subjectLogonType": "2",
                              "subjectSecurityID": "STELLA\\sumit.k",
                              "subjectAccountName": "sumit.k",
                              "subjectAccountDomain": "STELLA",
                              "newLogonSecurityID": "STELLA\\svc-node1",
                              "newLogonAccountName": "svc-node1",
                              "newLogonAccountDomain": "STELLA",
                              "linkedLogonID": "0x4289D23",
                              "logonGUID": "{BEB2B297-C433-C563-CB1C-3FE78B83711C}",
                              "processID": "0x394",
                              "workstationName": "QDS3",
                              "sourcePort": null,
                              "logonProcess": "seclogo",
                              "authenticationPackage": "Negotiate",
                              "Title": "Login (Interactive)",
                              "tag": ""
                        },
                        {
                              "_t": [
                                    "WindowsModelBase",
                                    "Event4624Model"
                              ],
                              "eventID": 4624,
                              "computerName": "QDS3.stella.local",
                              "recordNumber": 76748952,
                              "time": "11-02-2022 08:51:34",
                              "epochTime": 1667379094000,
                              "agentDevice": "WindowsLog",
                              "agentLogFile": "Security",
                              "eventCategory": 12544,
                              "keyWords": "Audit Success",
                              "level": "Log Always",
                              "message": "An account was successfully logged on.",
                              "opCode": "Info",
                              "originatingComputer": "169.254.215.99",
                              "pluginVersion": "7.2.9.105",
                              "source": "Microsoft-Windows-Security-Auditing",
                              "task": "SE_ADT_LOGON_LOGON",
                              "newLogonID": "0x4289D23",
                              "logsourceTime": 1635900727,
                              "subjectLogonID": "0xDDBAC",
                              "subjectLogonType": "2",
                              "subjectSecurityID": "STELLA\\sumit.k",
                              "subjectAccountName": "sumit.k",
                              "subjectAccountDomain": "STELLA",
                              "newLogonSecurityID": "STELLA\\svc-node1",
                              "newLogonAccountName": "svc-node1",
                              "newLogonAccountDomain": "STELLA",
                              "linkedLogonID": "0x4289D06",
                              "logonGUID": "{00000000-0000-0000-0000-000000000000}",
                              "processID": "0x394",
                              "workstationName": "QDS3",
                              "sourcePort": null,
                              "logonProcess": "seclogo",
                              "authenticationPackage": "Negotiate",
                              "Title": "Login (Interactive)",
                              "tag": ""
                        }
                  ]
            },
            {
                  "id": "7-2-Login (Interactive)",
                  "type": "edge",
                  "source": "7",
                  "target": "2",
                  "date": [
                        1667308800,
                        1667308800,
                        1667378893,
                        1667378893
                  ],
                  "label": "Login (Interactive)",
                  "g": null,
                  "ttp": false,
                  "inRange": true,
                  "visible": true,
                  "frequency": 4,
                  "merged_edges": {
                        "ids": [
                              "15",
                              "18",
                              "9",
                              "12"
                        ],
                        "score_ttp": [
                              "0"
                        ]
                  },
                  "properties": [
                        {
                              "_t": [
                                    "WindowsModelBase",
                                    "Event4624Model"
                              ],
                              "eventID": 4624,
                              "computerName": "QDS3.stella.local",
                              "recordNumber": 76353684,
                              "time": "11-01-2022 13:20:00",
                              "epochTime": 1667308800000,
                              "agentDevice": "WindowsLog",
                              "agentLogFile": "Security",
                              "eventCategory": 12544,
                              "keyWords": "Audit Success",
                              "level": "Log Always",
                              "message": "An account was successfully logged on.",
                              "opCode": "Info",
                              "originatingComputer": "169.254.215.99",
                              "pluginVersion": "7.2.9.105",
                              "source": "Microsoft-Windows-Security-Auditing",
                              "task": "SE_ADT_LOGON_LOGON",
                              "newLogonID": "0x7816F4",
                              "logsourceTime": 1635830411,
                              "subjectLogonID": "0x3E7",
                              "subjectLogonType": "2",
                              "subjectSecurityID": "NT AUTHORITY\\SYSTEM",
                              "subjectAccountName": "QDS3$",
                              "subjectAccountDomain": "STELLA",
                              "newLogonSecurityID": "STELLA\\sumit.k",
                              "newLogonAccountName": "sumit.k",
                              "newLogonAccountDomain": "STELLA",
                              "linkedLogonID": "0x7816A1",
                              "logonGUID": "{00000000-0000-0000-0000-000000000000}",
                              "processID": "0x394",
                              "workstationName": "QDS3",
                              "sourceNetworkAddress": "127.0.0.1",
                              "sourcePort": 0,
                              "logonProcess": "User32",
                              "authenticationPackage": "Negotiate",
                              "Title": "Login (Interactive)",
                              "tag": ""
                        },
                        {
                              "_t": [
                                    "WindowsModelBase",
                                    "Event4624Model"
                              ],
                              "eventID": 4624,
                              "computerName": "QDS3.stella.local",
                              "recordNumber": 76353683,
                              "time": "11-01-2022 13:20:00",
                              "epochTime": 1667308800000,
                              "agentDevice": "WindowsLog",
                              "agentLogFile": "Security",
                              "eventCategory": 12544,
                              "keyWords": "Audit Success",
                              "level": "Log Always",
                              "message": "An account was successfully logged on.",
                              "opCode": "Info",
                              "originatingComputer": "169.254.215.99",
                              "pluginVersion": "7.2.9.105",
                              "source": "Microsoft-Windows-Security-Auditing",
                              "task": "SE_ADT_LOGON_LOGON",
                              "newLogonID": "0x7816A1",
                              "logsourceTime": 1635830411,
                              "subjectLogonID": "0x3E7",
                              "subjectLogonType": "2",
                              "subjectSecurityID": "NT AUTHORITY\\SYSTEM",
                              "subjectAccountName": "QDS3$",
                              "subjectAccountDomain": "STELLA",
                              "newLogonSecurityID": "STELLA\\sumit.k",
                              "newLogonAccountName": "sumit.k",
                              "newLogonAccountDomain": "STELLA",
                              "linkedLogonID": "0x7816F4",
                              "logonGUID": "{85FD8B84-F678-6A84-0D84-35644F11BFBF}",
                              "processID": "0x394",
                              "workstationName": "QDS3",
                              "sourceNetworkAddress": "127.0.0.1",
                              "sourcePort": 0,
                              "logonProcess": "User32",
                              "authenticationPackage": "Negotiate",
                              "Title": "Login (Interactive)",
                              "tag": ""
                        },
                        {
                              "_t": [
                                    "WindowsModelBase",
                                    "Event4624Model"
                              ],
                              "eventID": 4624,
                              "computerName": "QDS3.stella.local",
                              "recordNumber": 76747870,
                              "time": "11-02-2022 08:48:13",
                              "epochTime": 1667378893000,
                              "agentDevice": "WindowsLog",
                              "agentLogFile": "Security",
                              "eventCategory": 12544,
                              "keyWords": "Audit Success",
                              "level": "Log Always",
                              "message": "An account was successfully logged on.",
                              "opCode": "Info",
                              "originatingComputer": "169.254.215.99",
                              "pluginVersion": "7.2.9.105",
                              "source": "Microsoft-Windows-Security-Auditing",
                              "task": "SE_ADT_LOGON_LOGON",
                              "newLogonID": "0x42293A2",
                              "logsourceTime": 1635900524,
                              "subjectLogonID": "0x3E7",
                              "subjectLogonType": "2",
                              "subjectSecurityID": "NT AUTHORITY\\SYSTEM",
                              "subjectAccountName": "QDS3$",
                              "subjectAccountDomain": "STELLA",
                              "newLogonSecurityID": "STELLA\\sumit.k",
                              "newLogonAccountName": "sumit.k",
                              "newLogonAccountDomain": "STELLA",
                              "linkedLogonID": "0x422933A",
                              "logonGUID": "{00000000-0000-0000-0000-000000000000}",
                              "processID": "0x394",
                              "workstationName": "QDS3",
                              "sourceNetworkAddress": "127.0.0.1",
                              "sourcePort": 0,
                              "logonProcess": "User32",
                              "authenticationPackage": "Negotiate",
                              "Title": "Login (Interactive)",
                              "tag": ""
                        },
                        {
                              "_t": [
                                    "WindowsModelBase",
                                    "Event4624Model"
                              ],
                              "eventID": 4624,
                              "computerName": "QDS3.stella.local",
                              "recordNumber": 76747869,
                              "time": "11-02-2022 08:48:13",
                              "epochTime": 1667378893000,
                              "agentDevice": "WindowsLog",
                              "agentLogFile": "Security",
                              "eventCategory": 12544,
                              "keyWords": "Audit Success",
                              "level": "Log Always",
                              "message": "An account was successfully logged on.",
                              "opCode": "Info",
                              "originatingComputer": "169.254.215.99",
                              "pluginVersion": "7.2.9.105",
                              "source": "Microsoft-Windows-Security-Auditing",
                              "task": "SE_ADT_LOGON_LOGON",
                              "newLogonID": "0x422933A",
                              "logsourceTime": 1635900524,
                              "subjectLogonID": "0x3E7",
                              "subjectLogonType": "2",
                              "subjectSecurityID": "NT AUTHORITY\\SYSTEM",
                              "subjectAccountName": "QDS3$",
                              "subjectAccountDomain": "STELLA",
                              "newLogonSecurityID": "STELLA\\sumit.k",
                              "newLogonAccountName": "sumit.k",
                              "newLogonAccountDomain": "STELLA",
                              "linkedLogonID": "0x42293A2",
                              "logonGUID": "{3BB8FBBC-BCF9-F66F-F188-1F9A355A13A4}",
                              "processID": "0x394",
                              "workstationName": "QDS3",
                              "sourceNetworkAddress": "127.0.0.1",
                              "sourcePort": 0,
                              "logonProcess": "User32",
                              "authenticationPackage": "Negotiate",
                              "Title": "Login (Interactive)",
                              "tag": ""
                        }
                  ]
            },
            {
                  "id": "19-20-Create Process",
                  "type": "edge",
                  "source": "19",
                  "target": "20",
                  "date": [
                        1667310262,
                        1667310262,
                        1667310262,
                        1667310262,
                        1667310262,
                        1667310262,
                        1667310272,
                        1667310272,
                        1667310272,
                        1667310272,
                        1667385359,
                        1667385360,
                        1667385360,
                        1667385360,
                        1667385370,
                        1667385370,
                        1667385370,
                        1667385370,
                        1667385370,
                        1667385370
                  ],
                  "label": "Create Process",
                  "g": null,
                  "ttp": false,
                  "inRange": true,
                  "visible": true,
                  "frequency": 20,
                  "merged_edges": {
                        "ids": [
                              "111",
                              "123",
                              "132",
                              "135",
                              "138",
                              "141",
                              "153",
                              "156",
                              "165",
                              "180",
                              "96",
                              "21",
                              "30",
                              "33",
                              "48",
                              "57",
                              "63",
                              "66",
                              "69",
                              "84"
                        ],
                        "score_ttp": [
                              "0"
                        ]
                  },
                  "properties": [
                        {
                              "_t": [
                                    "WindowsModelBase",
                                    "Event4688Model"
                              ],
                              "eventID": 4688,
                              "computerName": "QDS3.stella.local",
                              "recordNumber": 76388951,
                              "time": "11-01-2022 13:44:22",
                              "accountDomain": "STELLA",
                              "logsourceTime": 1635831894,
                              "newProcessName": "C:\\Windows\\Microsoft.NET\\Framework\\v4.0.30319\\ngen.exe",
                              "creatorProcessName": "C:\\Windows\\Microsoft.NET\\Framework\\v4.0.30319\\ngentask.exe",
                              "accountName": "QDS3$",
                              "processCommandLine": "\"C:\\Windows\\Microsoft.NET\\Framework\\v4.0.30319\\ngen.exe\" uninstall \"C:\\Windows\\assembly\\NativeImages_v4.0.30319_32\\Microsoft.D0ff51f83#\\cc134e5872f7b19151d4f4cd6cd66204\\Microsoft.Dtc.PowerShell.ni.dll\" /noroot /LegacyServiceBehavior",
                              "originatingComputer": "169.254.215.99",
                              "Title": "Create Process",
                              "tag": ""
                        },
                        {
                              "_t": [
                                    "WindowsModelBase",
                                    "Event4688Model"
                              ],
                              "eventID": 4688,
                              "computerName": "QDS3.stella.local",
                              "recordNumber": 76389080,
                              "time": "11-01-2022 13:44:22",
                              "accountDomain": "STELLA",
                              "logsourceTime": 1635831898,
                              "newProcessName": "C:\\Windows\\Microsoft.NET\\Framework\\v4.0.30319\\ngen.exe",
                              "creatorProcessName": "C:\\Windows\\Microsoft.NET\\Framework\\v4.0.30319\\ngentask.exe",
                              "accountName": "QDS3$",
                              "processCommandLine": "\"C:\\Windows\\Microsoft.NET\\Framework\\v4.0.30319\\ngen.exe\" uninstall \"C:\\Windows\\assembly\\NativeImages_v4.0.30319_32\\Microsoft.P047767ce#\\2864584e94e1f11b9f504fc8885bf116\\Microsoft.PowerShell.Core.Activities.ni.dll\" /noroot /LegacyServiceBehavior",
                              "originatingComputer": "169.254.215.99",
                              "Title": "Create Process",
                              "tag": ""
                        },
                        {
                              "_t": [
                                    "WindowsModelBase",
                                    "Event4688Model"
                              ],
                              "eventID": 4688,
                              "computerName": "QDS3.stella.local",
                              "recordNumber": 76389095,
                              "time": "11-01-2022 13:44:22",
                              "accountDomain": "STELLA",
                              "logsourceTime": 1635831899,
                              "newProcessName": "C:\\Windows\\Microsoft.NET\\Framework\\v4.0.30319\\ngen.exe",
                              "creatorProcessName": "C:\\Windows\\Microsoft.NET\\Framework\\v4.0.30319\\ngentask.exe",
                              "accountName": "QDS3$",
                              "processCommandLine": "\"C:\\Windows\\Microsoft.NET\\Framework\\v4.0.30319\\ngen.exe\" uninstall \"C:\\Windows\\assembly\\NativeImages_v4.0.30319_32\\Microsoft.P34f388c1#\\09020bb7150ad4ba15c0f11b2bc40073\\Microsoft.PowerShell.Diagnostics.Activities.ni.dll\" /noroot /LegacyServiceBehavior",
                              "originatingComputer": "169.254.215.99",
                              "Title": "Create Process",
                              "tag": ""
                        },
                        {
                              "_t": [
                                    "WindowsModelBase",
                                    "Event4688Model"
                              ],
                              "eventID": 4688,
                              "computerName": "QDS3.stella.local",
                              "recordNumber": 76389085,
                              "time": "11-01-2022 13:44:22",
                              "accountDomain": "STELLA",
                              "logsourceTime": 1635831898,
                              "newProcessName": "C:\\Windows\\Microsoft.NET\\Framework\\v4.0.30319\\ngen.exe",
                              "creatorProcessName": "C:\\Windows\\Microsoft.NET\\Framework\\v4.0.30319\\ngentask.exe",
                              "accountName": "QDS3$",
                              "processCommandLine": "\"C:\\Windows\\Microsoft.NET\\Framework\\v4.0.30319\\ngen.exe\" uninstall \"C:\\Windows\\assembly\\NativeImages_v4.0.30319_32\\Microsoft.P08ac43d5#\\38bf99f4f987778ce08cd21dd811bc64\\Microsoft.PowerShell.Utility.Activities.ni.dll\" /noroot /LegacyServiceBehavior",
                              "originatingComputer": "169.254.215.99",
                              "Title": "Create Process",
                              "tag": ""
                        },
                        {
                              "_t": [
                                    "WindowsModelBase",
                                    "Event4688Model"
                              ],
                              "eventID": 4688,
                              "computerName": "QDS3.stella.local",
                              "recordNumber": 76389091,
                              "time": "11-01-2022 13:44:22",
                              "accountDomain": "STELLA",
                              "logsourceTime": 1635831899,
                              "newProcessName": "C:\\Windows\\Microsoft.NET\\Framework\\v4.0.30319\\ngen.exe",
                              "creatorProcessName": "C:\\Windows\\Microsoft.NET\\Framework\\v4.0.30319\\ngentask.exe",
                              "accountName": "QDS3$",
                              "processCommandLine": "\"C:\\Windows\\Microsoft.NET\\Framework\\v4.0.30319\\ngen.exe\" uninstall \"C:\\Windows\\assembly\\NativeImages_v4.0.30319_32\\Microsoft.P1706cafe#\\874eec377b6e8e431fbc123811362d2f\\Microsoft.PowerShell.Commands.Diagnostics.ni.dll\" /noroot /LegacyServiceBehavior",
                              "originatingComputer": "169.254.215.99",
                              "Title": "Create Process",
                              "tag": ""
                        },
                        {
                              "_t": [
                                    "WindowsModelBase",
                                    "Event4688Model"
                              ],
                              "eventID": 4688,
                              "computerName": "QDS3.stella.local",
                              "recordNumber": 76389099,
                              "time": "11-01-2022 13:44:22",
                              "accountDomain": "STELLA",
                              "logsourceTime": 1635831899,
                              "newProcessName": "C:\\Windows\\Microsoft.NET\\Framework\\v4.0.30319\\ngen.exe",
                              "creatorProcessName": "C:\\Windows\\Microsoft.NET\\Framework\\v4.0.30319\\ngentask.exe",
                              "accountName": "QDS3$",
                              "processCommandLine": "\"C:\\Windows\\Microsoft.NET\\Framework\\v4.0.30319\\ngen.exe\" uninstall \"C:\\Windows\\assembly\\NativeImages_v4.0.30319_32\\Microsoft.P655586bb#\\ad139a964d2d81090eb7d4b1d1fa325e\\Microsoft.PowerShell.Activities.ni.dll\" /noroot /LegacyServiceBehavior",
                              "originatingComputer": "169.254.215.99",
                              "Title": "Create Process",
                              "tag": ""
                        },
                        {
                              "_t": [
                                    "WindowsModelBase",
                                    "Event4688Model"
                              ],
                              "eventID": 4688,
                              "computerName": "QDS3.stella.local",
                              "recordNumber": 76389115,
                              "time": "11-01-2022 13:44:32",
                              "accountDomain": "STELLA",
                              "logsourceTime": 1635831899,
                              "newProcessName": "C:\\Windows\\Microsoft.NET\\Framework\\v4.0.30319\\ngen.exe",
                              "creatorProcessName": "C:\\Windows\\Microsoft.NET\\Framework\\v4.0.30319\\ngentask.exe",
                              "accountName": "QDS3$",
                              "processCommandLine": "\"C:\\Windows\\Microsoft.NET\\Framework\\v4.0.30319\\ngen.exe\" uninstall \"C:\\Windows\\assembly\\NativeImages_v4.0.30319_32\\Microsoft.Pefb7a36b#\\82fef555f101ed0402f8d38ac39f997e\\Microsoft.PowerShell.Workflow.ServiceCore.ni.dll\" /noroot /LegacyServiceBehavior",
                              "originatingComputer": "169.254.215.99",
                              "Title": "Create Process",
                              "tag": ""
                        },
